2024-07-05 22:11:04,232 - error_logger - ERROR - ALREADY APPLIED TO THIS ROLE
Traceback (most recent call last):
  File "C:\Users\localadmin\AppData\Local\Temp\ipykernel_7116\926635506.py", line 11, in apply_job
    easy_apply_button = driver.find_element("xpath", "//button[contains(@aria-label , 'Easy Apply to')]")
                        ^^^^^^^^^^^^^^^^^^^^^^^^^^^^^^^^^^^^^^^^^^^^^^^^^^^^^^^^^^^^^^^^^^^^^^^^^^^^^^^^^
  File "C:\Users\localadmin\AppData\Roaming\Python\Python311\site-packages\selenium\webdriver\remote\webdriver.py", line 741, in find_element
    return self.execute(Command.FIND_ELEMENT, {"using": by, "value": value})["value"]
           ^^^^^^^^^^^^^^^^^^^^^^^^^^^^^^^^^^^^^^^^^^^^^^^^^^^^^^^^^^^^^^^^^
  File "C:\Users\localadmin\AppData\Roaming\Python\Python311\site-packages\selenium\webdriver\remote\webdriver.py", line 347, in execute
    self.error_handler.check_response(response)
  File "C:\Users\localadmin\AppData\Roaming\Python\Python311\site-packages\selenium\webdriver\remote\errorhandler.py", line 229, in check_response
    raise exception_class(message, screen, stacktrace)
selenium.common.exceptions.NoSuchElementException: Message: no such element: Unable to locate element: {"method":"xpath","selector":"//button[contains(@aria-label , 'Easy Apply to')]"}
  (Session info: MicrosoftEdge=126.0.2592.87); For documentation on this error, please visit: https://www.selenium.dev/documentation/webdriver/troubleshooting/errors#no-such-element-exception
Stacktrace:
	GetHandleVerifier [0x00007FF696578132+13538]
	Microsoft::Applications::Events::EventProperty::~EventProperty [0x00007FF696501DE9+595465]
	(No symbol) [0x00007FF69631E6CF]
	(No symbol) [0x00007FF696362960]
	(No symbol) [0x00007FF696362A1F]
	(No symbol) [0x00007FF69639D627]
	(No symbol) [0x00007FF69638203F]
	(No symbol) [0x00007FF696358147]
	(No symbol) [0x00007FF69639B1EE]
	(No symbol) [0x00007FF696381C63]
	(No symbol) [0x00007FF69635766E]
	(No symbol) [0x00007FF69635683C]
	(No symbol) [0x00007FF696357221]
	Microsoft::Applications::Events::EventProperty::to_string [0x00007FF6967396D4+1099860]
	Microsoft::Applications::Events::EventProperty::~EventProperty [0x00007FF69647D8FC+53532]
	Microsoft::Applications::Events::EventProperty::~EventProperty [0x00007FF696470E25+1605]
	Microsoft::Applications::Events::EventProperty::to_string [0x00007FF696738665+1095653]
	Microsoft::Applications::Events::ILogConfiguration::operator* [0x00007FF69650C961+27777]
	Microsoft::Applications::Events::ILogConfiguration::operator* [0x00007FF696506CE4+4100]
	Microsoft::Applications::Events::ILogConfiguration::operator* [0x00007FF696506E1B+4411]
	Microsoft::Applications::Events::EventProperty::~EventProperty [0x00007FF6964FCFA0+575424]
	BaseThreadInitThunk [0x00007FFEF550257D+29]
	RtlUserThreadStart [0x00007FFEF74EAF28+40]

2024-07-05 22:11:04,232 - error_logger - ERROR - ALREADY APPLIED TO THIS ROLE
Traceback (most recent call last):
  File "C:\Users\localadmin\AppData\Local\Temp\ipykernel_7116\926635506.py", line 11, in apply_job
    easy_apply_button = driver.find_element("xpath", "//button[contains(@aria-label , 'Easy Apply to')]")
                        ^^^^^^^^^^^^^^^^^^^^^^^^^^^^^^^^^^^^^^^^^^^^^^^^^^^^^^^^^^^^^^^^^^^^^^^^^^^^^^^^^
  File "C:\Users\localadmin\AppData\Roaming\Python\Python311\site-packages\selenium\webdriver\remote\webdriver.py", line 741, in find_element
    return self.execute(Command.FIND_ELEMENT, {"using": by, "value": value})["value"]
           ^^^^^^^^^^^^^^^^^^^^^^^^^^^^^^^^^^^^^^^^^^^^^^^^^^^^^^^^^^^^^^^^^
  File "C:\Users\localadmin\AppData\Roaming\Python\Python311\site-packages\selenium\webdriver\remote\webdriver.py", line 347, in execute
    self.error_handler.check_response(response)
  File "C:\Users\localadmin\AppData\Roaming\Python\Python311\site-packages\selenium\webdriver\remote\errorhandler.py", line 229, in check_response
    raise exception_class(message, screen, stacktrace)
selenium.common.exceptions.NoSuchElementException: Message: no such element: Unable to locate element: {"method":"xpath","selector":"//button[contains(@aria-label , 'Easy Apply to')]"}
  (Session info: MicrosoftEdge=126.0.2592.87); For documentation on this error, please visit: https://www.selenium.dev/documentation/webdriver/troubleshooting/errors#no-such-element-exception
Stacktrace:
	GetHandleVerifier [0x00007FF696578132+13538]
	Microsoft::Applications::Events::EventProperty::~EventProperty [0x00007FF696501DE9+595465]
	(No symbol) [0x00007FF69631E6CF]
	(No symbol) [0x00007FF696362960]
	(No symbol) [0x00007FF696362A1F]
	(No symbol) [0x00007FF69639D627]
	(No symbol) [0x00007FF69638203F]
	(No symbol) [0x00007FF696358147]
	(No symbol) [0x00007FF69639B1EE]
	(No symbol) [0x00007FF696381C63]
	(No symbol) [0x00007FF69635766E]
	(No symbol) [0x00007FF69635683C]
	(No symbol) [0x00007FF696357221]
	Microsoft::Applications::Events::EventProperty::to_string [0x00007FF6967396D4+1099860]
	Microsoft::Applications::Events::EventProperty::~EventProperty [0x00007FF69647D8FC+53532]
	Microsoft::Applications::Events::EventProperty::~EventProperty [0x00007FF696470E25+1605]
	Microsoft::Applications::Events::EventProperty::to_string [0x00007FF696738665+1095653]
	Microsoft::Applications::Events::ILogConfiguration::operator* [0x00007FF69650C961+27777]
	Microsoft::Applications::Events::ILogConfiguration::operator* [0x00007FF696506CE4+4100]
	Microsoft::Applications::Events::ILogConfiguration::operator* [0x00007FF696506E1B+4411]
	Microsoft::Applications::Events::EventProperty::~EventProperty [0x00007FF6964FCFA0+575424]
	BaseThreadInitThunk [0x00007FFEF550257D+29]
	RtlUserThreadStart [0x00007FFEF74EAF28+40]

2024-07-05 22:11:10,339 - error_logger - ERROR - EASY APPLY SECTION MISSING
Traceback (most recent call last):
  File "C:\Users\localadmin\AppData\Local\Temp\ipykernel_7116\926635506.py", line 32, in apply_job
    apply = driver.find_element("xpath" , ".//div[@class='jobs-easy-apply-content']")
            ^^^^^^^^^^^^^^^^^^^^^^^^^^^^^^^^^^^^^^^^^^^^^^^^^^^^^^^^^^^^^^^^^^^^^^^^^
  File "C:\Users\localadmin\AppData\Roaming\Python\Python311\site-packages\selenium\webdriver\remote\webdriver.py", line 741, in find_element
    return self.execute(Command.FIND_ELEMENT, {"using": by, "value": value})["value"]
           ^^^^^^^^^^^^^^^^^^^^^^^^^^^^^^^^^^^^^^^^^^^^^^^^^^^^^^^^^^^^^^^^^
  File "C:\Users\localadmin\AppData\Roaming\Python\Python311\site-packages\selenium\webdriver\remote\webdriver.py", line 347, in execute
    self.error_handler.check_response(response)
  File "C:\Users\localadmin\AppData\Roaming\Python\Python311\site-packages\selenium\webdriver\remote\errorhandler.py", line 229, in check_response
    raise exception_class(message, screen, stacktrace)
selenium.common.exceptions.NoSuchElementException: Message: no such element: Unable to locate element: {"method":"xpath","selector":".//div[@class='jobs-easy-apply-content']"}
  (Session info: MicrosoftEdge=126.0.2592.87); For documentation on this error, please visit: https://www.selenium.dev/documentation/webdriver/troubleshooting/errors#no-such-element-exception
Stacktrace:
	GetHandleVerifier [0x00007FF696578132+13538]
	Microsoft::Applications::Events::EventProperty::~EventProperty [0x00007FF696501DE9+595465]
	(No symbol) [0x00007FF69631E6CF]
	(No symbol) [0x00007FF696362960]
	(No symbol) [0x00007FF696362A1F]
	(No symbol) [0x00007FF69639D627]
	(No symbol) [0x00007FF69638203F]
	(No symbol) [0x00007FF696358147]
	(No symbol) [0x00007FF69639B1EE]
	(No symbol) [0x00007FF696381C63]
	(No symbol) [0x00007FF69635766E]
	(No symbol) [0x00007FF69635683C]
	(No symbol) [0x00007FF696357221]
	Microsoft::Applications::Events::EventProperty::to_string [0x00007FF6967396D4+1099860]
	Microsoft::Applications::Events::EventProperty::~EventProperty [0x00007FF69647D8FC+53532]
	Microsoft::Applications::Events::EventProperty::~EventProperty [0x00007FF696470E25+1605]
	Microsoft::Applications::Events::EventProperty::to_string [0x00007FF696738665+1095653]
	Microsoft::Applications::Events::ILogConfiguration::operator* [0x00007FF69650C961+27777]
	Microsoft::Applications::Events::ILogConfiguration::operator* [0x00007FF696506CE4+4100]
	Microsoft::Applications::Events::ILogConfiguration::operator* [0x00007FF696506E1B+4411]
	Microsoft::Applications::Events::EventProperty::~EventProperty [0x00007FF6964FCFA0+575424]
	BaseThreadInitThunk [0x00007FFEF550257D+29]
	RtlUserThreadStart [0x00007FFEF74EAF28+40]

2024-07-05 22:11:10,339 - error_logger - ERROR - EASY APPLY SECTION MISSING
Traceback (most recent call last):
  File "C:\Users\localadmin\AppData\Local\Temp\ipykernel_7116\926635506.py", line 32, in apply_job
    apply = driver.find_element("xpath" , ".//div[@class='jobs-easy-apply-content']")
            ^^^^^^^^^^^^^^^^^^^^^^^^^^^^^^^^^^^^^^^^^^^^^^^^^^^^^^^^^^^^^^^^^^^^^^^^^
  File "C:\Users\localadmin\AppData\Roaming\Python\Python311\site-packages\selenium\webdriver\remote\webdriver.py", line 741, in find_element
    return self.execute(Command.FIND_ELEMENT, {"using": by, "value": value})["value"]
           ^^^^^^^^^^^^^^^^^^^^^^^^^^^^^^^^^^^^^^^^^^^^^^^^^^^^^^^^^^^^^^^^^
  File "C:\Users\localadmin\AppData\Roaming\Python\Python311\site-packages\selenium\webdriver\remote\webdriver.py", line 347, in execute
    self.error_handler.check_response(response)
  File "C:\Users\localadmin\AppData\Roaming\Python\Python311\site-packages\selenium\webdriver\remote\errorhandler.py", line 229, in check_response
    raise exception_class(message, screen, stacktrace)
selenium.common.exceptions.NoSuchElementException: Message: no such element: Unable to locate element: {"method":"xpath","selector":".//div[@class='jobs-easy-apply-content']"}
  (Session info: MicrosoftEdge=126.0.2592.87); For documentation on this error, please visit: https://www.selenium.dev/documentation/webdriver/troubleshooting/errors#no-such-element-exception
Stacktrace:
	GetHandleVerifier [0x00007FF696578132+13538]
	Microsoft::Applications::Events::EventProperty::~EventProperty [0x00007FF696501DE9+595465]
	(No symbol) [0x00007FF69631E6CF]
	(No symbol) [0x00007FF696362960]
	(No symbol) [0x00007FF696362A1F]
	(No symbol) [0x00007FF69639D627]
	(No symbol) [0x00007FF69638203F]
	(No symbol) [0x00007FF696358147]
	(No symbol) [0x00007FF69639B1EE]
	(No symbol) [0x00007FF696381C63]
	(No symbol) [0x00007FF69635766E]
	(No symbol) [0x00007FF69635683C]
	(No symbol) [0x00007FF696357221]
	Microsoft::Applications::Events::EventProperty::to_string [0x00007FF6967396D4+1099860]
	Microsoft::Applications::Events::EventProperty::~EventProperty [0x00007FF69647D8FC+53532]
	Microsoft::Applications::Events::EventProperty::~EventProperty [0x00007FF696470E25+1605]
	Microsoft::Applications::Events::EventProperty::to_string [0x00007FF696738665+1095653]
	Microsoft::Applications::Events::ILogConfiguration::operator* [0x00007FF69650C961+27777]
	Microsoft::Applications::Events::ILogConfiguration::operator* [0x00007FF696506CE4+4100]
	Microsoft::Applications::Events::ILogConfiguration::operator* [0x00007FF696506E1B+4411]
	Microsoft::Applications::Events::EventProperty::~EventProperty [0x00007FF6964FCFA0+575424]
	BaseThreadInitThunk [0x00007FFEF550257D+29]
	RtlUserThreadStart [0x00007FFEF74EAF28+40]

2024-07-05 22:11:10,343 - error_logger - ERROR - FORM MISSING
Traceback (most recent call last):
  File "C:\Users\localadmin\AppData\Local\Temp\ipykernel_7116\926635506.py", line 37, in apply_job
    form = apply.find_element("xpath", ".//form")
           ^^^^^
UnboundLocalError: cannot access local variable 'apply' where it is not associated with a value
2024-07-05 22:11:10,343 - error_logger - ERROR - FORM MISSING
Traceback (most recent call last):
  File "C:\Users\localadmin\AppData\Local\Temp\ipykernel_7116\926635506.py", line 37, in apply_job
    form = apply.find_element("xpath", ".//form")
           ^^^^^
UnboundLocalError: cannot access local variable 'apply' where it is not associated with a value
2024-07-05 22:11:30,858 - error_logger - ERROR - ALREADY APPLIED TO THIS ROLE
Traceback (most recent call last):
  File "C:\Users\localadmin\AppData\Local\Temp\ipykernel_7116\926635506.py", line 11, in apply_job
    easy_apply_button = driver.find_element("xpath", "//button[contains(@aria-label , 'Easy Apply to')]")
                        ^^^^^^^^^^^^^^^^^^^^^^^^^^^^^^^^^^^^^^^^^^^^^^^^^^^^^^^^^^^^^^^^^^^^^^^^^^^^^^^^^
  File "C:\Users\localadmin\AppData\Roaming\Python\Python311\site-packages\selenium\webdriver\remote\webdriver.py", line 741, in find_element
    return self.execute(Command.FIND_ELEMENT, {"using": by, "value": value})["value"]
           ^^^^^^^^^^^^^^^^^^^^^^^^^^^^^^^^^^^^^^^^^^^^^^^^^^^^^^^^^^^^^^^^^
  File "C:\Users\localadmin\AppData\Roaming\Python\Python311\site-packages\selenium\webdriver\remote\webdriver.py", line 347, in execute
    self.error_handler.check_response(response)
  File "C:\Users\localadmin\AppData\Roaming\Python\Python311\site-packages\selenium\webdriver\remote\errorhandler.py", line 229, in check_response
    raise exception_class(message, screen, stacktrace)
selenium.common.exceptions.NoSuchElementException: Message: no such element: Unable to locate element: {"method":"xpath","selector":"//button[contains(@aria-label , 'Easy Apply to')]"}
  (Session info: MicrosoftEdge=126.0.2592.87); For documentation on this error, please visit: https://www.selenium.dev/documentation/webdriver/troubleshooting/errors#no-such-element-exception
Stacktrace:
	GetHandleVerifier [0x00007FF696578132+13538]
	Microsoft::Applications::Events::EventProperty::~EventProperty [0x00007FF696501DE9+595465]
	(No symbol) [0x00007FF69631E6CF]
	(No symbol) [0x00007FF696362960]
	(No symbol) [0x00007FF696362A1F]
	(No symbol) [0x00007FF69639D627]
	(No symbol) [0x00007FF69638203F]
	(No symbol) [0x00007FF696358147]
	(No symbol) [0x00007FF69639B1EE]
	(No symbol) [0x00007FF696381C63]
	(No symbol) [0x00007FF69635766E]
	(No symbol) [0x00007FF69635683C]
	(No symbol) [0x00007FF696357221]
	Microsoft::Applications::Events::EventProperty::to_string [0x00007FF6967396D4+1099860]
	Microsoft::Applications::Events::EventProperty::~EventProperty [0x00007FF69647D8FC+53532]
	Microsoft::Applications::Events::EventProperty::~EventProperty [0x00007FF696470E25+1605]
	Microsoft::Applications::Events::EventProperty::to_string [0x00007FF696738665+1095653]
	Microsoft::Applications::Events::ILogConfiguration::operator* [0x00007FF69650C961+27777]
	Microsoft::Applications::Events::ILogConfiguration::operator* [0x00007FF696506CE4+4100]
	Microsoft::Applications::Events::ILogConfiguration::operator* [0x00007FF696506E1B+4411]
	Microsoft::Applications::Events::EventProperty::~EventProperty [0x00007FF6964FCFA0+575424]
	BaseThreadInitThunk [0x00007FFEF550257D+29]
	RtlUserThreadStart [0x00007FFEF74EAF28+40]

2024-07-05 22:11:30,858 - error_logger - ERROR - ALREADY APPLIED TO THIS ROLE
Traceback (most recent call last):
  File "C:\Users\localadmin\AppData\Local\Temp\ipykernel_7116\926635506.py", line 11, in apply_job
    easy_apply_button = driver.find_element("xpath", "//button[contains(@aria-label , 'Easy Apply to')]")
                        ^^^^^^^^^^^^^^^^^^^^^^^^^^^^^^^^^^^^^^^^^^^^^^^^^^^^^^^^^^^^^^^^^^^^^^^^^^^^^^^^^
  File "C:\Users\localadmin\AppData\Roaming\Python\Python311\site-packages\selenium\webdriver\remote\webdriver.py", line 741, in find_element
    return self.execute(Command.FIND_ELEMENT, {"using": by, "value": value})["value"]
           ^^^^^^^^^^^^^^^^^^^^^^^^^^^^^^^^^^^^^^^^^^^^^^^^^^^^^^^^^^^^^^^^^
  File "C:\Users\localadmin\AppData\Roaming\Python\Python311\site-packages\selenium\webdriver\remote\webdriver.py", line 347, in execute
    self.error_handler.check_response(response)
  File "C:\Users\localadmin\AppData\Roaming\Python\Python311\site-packages\selenium\webdriver\remote\errorhandler.py", line 229, in check_response
    raise exception_class(message, screen, stacktrace)
selenium.common.exceptions.NoSuchElementException: Message: no such element: Unable to locate element: {"method":"xpath","selector":"//button[contains(@aria-label , 'Easy Apply to')]"}
  (Session info: MicrosoftEdge=126.0.2592.87); For documentation on this error, please visit: https://www.selenium.dev/documentation/webdriver/troubleshooting/errors#no-such-element-exception
Stacktrace:
	GetHandleVerifier [0x00007FF696578132+13538]
	Microsoft::Applications::Events::EventProperty::~EventProperty [0x00007FF696501DE9+595465]
	(No symbol) [0x00007FF69631E6CF]
	(No symbol) [0x00007FF696362960]
	(No symbol) [0x00007FF696362A1F]
	(No symbol) [0x00007FF69639D627]
	(No symbol) [0x00007FF69638203F]
	(No symbol) [0x00007FF696358147]
	(No symbol) [0x00007FF69639B1EE]
	(No symbol) [0x00007FF696381C63]
	(No symbol) [0x00007FF69635766E]
	(No symbol) [0x00007FF69635683C]
	(No symbol) [0x00007FF696357221]
	Microsoft::Applications::Events::EventProperty::to_string [0x00007FF6967396D4+1099860]
	Microsoft::Applications::Events::EventProperty::~EventProperty [0x00007FF69647D8FC+53532]
	Microsoft::Applications::Events::EventProperty::~EventProperty [0x00007FF696470E25+1605]
	Microsoft::Applications::Events::EventProperty::to_string [0x00007FF696738665+1095653]
	Microsoft::Applications::Events::ILogConfiguration::operator* [0x00007FF69650C961+27777]
	Microsoft::Applications::Events::ILogConfiguration::operator* [0x00007FF696506CE4+4100]
	Microsoft::Applications::Events::ILogConfiguration::operator* [0x00007FF696506E1B+4411]
	Microsoft::Applications::Events::EventProperty::~EventProperty [0x00007FF6964FCFA0+575424]
	BaseThreadInitThunk [0x00007FFEF550257D+29]
	RtlUserThreadStart [0x00007FFEF74EAF28+40]

2024-07-05 22:11:36,943 - error_logger - ERROR - EASY APPLY SECTION MISSING
Traceback (most recent call last):
  File "C:\Users\localadmin\AppData\Local\Temp\ipykernel_7116\926635506.py", line 32, in apply_job
    apply = driver.find_element("xpath" , ".//div[@class='jobs-easy-apply-content']")
            ^^^^^^^^^^^^^^^^^^^^^^^^^^^^^^^^^^^^^^^^^^^^^^^^^^^^^^^^^^^^^^^^^^^^^^^^^
  File "C:\Users\localadmin\AppData\Roaming\Python\Python311\site-packages\selenium\webdriver\remote\webdriver.py", line 741, in find_element
    return self.execute(Command.FIND_ELEMENT, {"using": by, "value": value})["value"]
           ^^^^^^^^^^^^^^^^^^^^^^^^^^^^^^^^^^^^^^^^^^^^^^^^^^^^^^^^^^^^^^^^^
  File "C:\Users\localadmin\AppData\Roaming\Python\Python311\site-packages\selenium\webdriver\remote\webdriver.py", line 347, in execute
    self.error_handler.check_response(response)
  File "C:\Users\localadmin\AppData\Roaming\Python\Python311\site-packages\selenium\webdriver\remote\errorhandler.py", line 229, in check_response
    raise exception_class(message, screen, stacktrace)
selenium.common.exceptions.NoSuchElementException: Message: no such element: Unable to locate element: {"method":"xpath","selector":".//div[@class='jobs-easy-apply-content']"}
  (Session info: MicrosoftEdge=126.0.2592.87); For documentation on this error, please visit: https://www.selenium.dev/documentation/webdriver/troubleshooting/errors#no-such-element-exception
Stacktrace:
	GetHandleVerifier [0x00007FF696578132+13538]
	Microsoft::Applications::Events::EventProperty::~EventProperty [0x00007FF696501DE9+595465]
	(No symbol) [0x00007FF69631E6CF]
	(No symbol) [0x00007FF696362960]
	(No symbol) [0x00007FF696362A1F]
	(No symbol) [0x00007FF69639D627]
	(No symbol) [0x00007FF69638203F]
	(No symbol) [0x00007FF696358147]
	(No symbol) [0x00007FF69639B1EE]
	(No symbol) [0x00007FF696381C63]
	(No symbol) [0x00007FF69635766E]
	(No symbol) [0x00007FF69635683C]
	(No symbol) [0x00007FF696357221]
	Microsoft::Applications::Events::EventProperty::to_string [0x00007FF6967396D4+1099860]
	Microsoft::Applications::Events::EventProperty::~EventProperty [0x00007FF69647D8FC+53532]
	Microsoft::Applications::Events::EventProperty::~EventProperty [0x00007FF696470E25+1605]
	Microsoft::Applications::Events::EventProperty::to_string [0x00007FF696738665+1095653]
	Microsoft::Applications::Events::ILogConfiguration::operator* [0x00007FF69650C961+27777]
	Microsoft::Applications::Events::ILogConfiguration::operator* [0x00007FF696506CE4+4100]
	Microsoft::Applications::Events::ILogConfiguration::operator* [0x00007FF696506E1B+4411]
	Microsoft::Applications::Events::EventProperty::~EventProperty [0x00007FF6964FCFA0+575424]
	BaseThreadInitThunk [0x00007FFEF550257D+29]
	RtlUserThreadStart [0x00007FFEF74EAF28+40]

2024-07-05 22:11:36,943 - error_logger - ERROR - EASY APPLY SECTION MISSING
Traceback (most recent call last):
  File "C:\Users\localadmin\AppData\Local\Temp\ipykernel_7116\926635506.py", line 32, in apply_job
    apply = driver.find_element("xpath" , ".//div[@class='jobs-easy-apply-content']")
            ^^^^^^^^^^^^^^^^^^^^^^^^^^^^^^^^^^^^^^^^^^^^^^^^^^^^^^^^^^^^^^^^^^^^^^^^^
  File "C:\Users\localadmin\AppData\Roaming\Python\Python311\site-packages\selenium\webdriver\remote\webdriver.py", line 741, in find_element
    return self.execute(Command.FIND_ELEMENT, {"using": by, "value": value})["value"]
           ^^^^^^^^^^^^^^^^^^^^^^^^^^^^^^^^^^^^^^^^^^^^^^^^^^^^^^^^^^^^^^^^^
  File "C:\Users\localadmin\AppData\Roaming\Python\Python311\site-packages\selenium\webdriver\remote\webdriver.py", line 347, in execute
    self.error_handler.check_response(response)
  File "C:\Users\localadmin\AppData\Roaming\Python\Python311\site-packages\selenium\webdriver\remote\errorhandler.py", line 229, in check_response
    raise exception_class(message, screen, stacktrace)
selenium.common.exceptions.NoSuchElementException: Message: no such element: Unable to locate element: {"method":"xpath","selector":".//div[@class='jobs-easy-apply-content']"}
  (Session info: MicrosoftEdge=126.0.2592.87); For documentation on this error, please visit: https://www.selenium.dev/documentation/webdriver/troubleshooting/errors#no-such-element-exception
Stacktrace:
	GetHandleVerifier [0x00007FF696578132+13538]
	Microsoft::Applications::Events::EventProperty::~EventProperty [0x00007FF696501DE9+595465]
	(No symbol) [0x00007FF69631E6CF]
	(No symbol) [0x00007FF696362960]
	(No symbol) [0x00007FF696362A1F]
	(No symbol) [0x00007FF69639D627]
	(No symbol) [0x00007FF69638203F]
	(No symbol) [0x00007FF696358147]
	(No symbol) [0x00007FF69639B1EE]
	(No symbol) [0x00007FF696381C63]
	(No symbol) [0x00007FF69635766E]
	(No symbol) [0x00007FF69635683C]
	(No symbol) [0x00007FF696357221]
	Microsoft::Applications::Events::EventProperty::to_string [0x00007FF6967396D4+1099860]
	Microsoft::Applications::Events::EventProperty::~EventProperty [0x00007FF69647D8FC+53532]
	Microsoft::Applications::Events::EventProperty::~EventProperty [0x00007FF696470E25+1605]
	Microsoft::Applications::Events::EventProperty::to_string [0x00007FF696738665+1095653]
	Microsoft::Applications::Events::ILogConfiguration::operator* [0x00007FF69650C961+27777]
	Microsoft::Applications::Events::ILogConfiguration::operator* [0x00007FF696506CE4+4100]
	Microsoft::Applications::Events::ILogConfiguration::operator* [0x00007FF696506E1B+4411]
	Microsoft::Applications::Events::EventProperty::~EventProperty [0x00007FF6964FCFA0+575424]
	BaseThreadInitThunk [0x00007FFEF550257D+29]
	RtlUserThreadStart [0x00007FFEF74EAF28+40]

2024-07-05 22:11:36,945 - error_logger - ERROR - FORM MISSING
Traceback (most recent call last):
  File "C:\Users\localadmin\AppData\Local\Temp\ipykernel_7116\926635506.py", line 37, in apply_job
    form = apply.find_element("xpath", ".//form")
           ^^^^^
UnboundLocalError: cannot access local variable 'apply' where it is not associated with a value
2024-07-05 22:11:36,945 - error_logger - ERROR - FORM MISSING
Traceback (most recent call last):
  File "C:\Users\localadmin\AppData\Local\Temp\ipykernel_7116\926635506.py", line 37, in apply_job
    form = apply.find_element("xpath", ".//form")
           ^^^^^
UnboundLocalError: cannot access local variable 'apply' where it is not associated with a value
2024-07-05 22:13:13,725 - error_logger - ERROR - ALREADY APPLIED TO THIS ROLE
Traceback (most recent call last):
  File "C:\Users\localadmin\AppData\Local\Temp\ipykernel_7116\4063974176.py", line 11, in apply_job
    easy_apply_button = driver.find_element("xpath", "//button[contains(@aria-label , 'Easy Apply to')]")
                        ^^^^^^^^^^^^^^^^^^^^^^^^^^^^^^^^^^^^^^^^^^^^^^^^^^^^^^^^^^^^^^^^^^^^^^^^^^^^^^^^^
  File "C:\Users\localadmin\AppData\Roaming\Python\Python311\site-packages\selenium\webdriver\remote\webdriver.py", line 741, in find_element
    return self.execute(Command.FIND_ELEMENT, {"using": by, "value": value})["value"]
           ^^^^^^^^^^^^^^^^^^^^^^^^^^^^^^^^^^^^^^^^^^^^^^^^^^^^^^^^^^^^^^^^^
  File "C:\Users\localadmin\AppData\Roaming\Python\Python311\site-packages\selenium\webdriver\remote\webdriver.py", line 347, in execute
    self.error_handler.check_response(response)
  File "C:\Users\localadmin\AppData\Roaming\Python\Python311\site-packages\selenium\webdriver\remote\errorhandler.py", line 229, in check_response
    raise exception_class(message, screen, stacktrace)
selenium.common.exceptions.NoSuchElementException: Message: no such element: Unable to locate element: {"method":"xpath","selector":"//button[contains(@aria-label , 'Easy Apply to')]"}
  (Session info: MicrosoftEdge=126.0.2592.87); For documentation on this error, please visit: https://www.selenium.dev/documentation/webdriver/troubleshooting/errors#no-such-element-exception
Stacktrace:
	GetHandleVerifier [0x00007FF696578132+13538]
	Microsoft::Applications::Events::EventProperty::~EventProperty [0x00007FF696501DE9+595465]
	(No symbol) [0x00007FF69631E6CF]
	(No symbol) [0x00007FF696362960]
	(No symbol) [0x00007FF696362A1F]
	(No symbol) [0x00007FF69639D627]
	(No symbol) [0x00007FF69638203F]
	(No symbol) [0x00007FF696358147]
	(No symbol) [0x00007FF69639B1EE]
	(No symbol) [0x00007FF696381C63]
	(No symbol) [0x00007FF69635766E]
	(No symbol) [0x00007FF69635683C]
	(No symbol) [0x00007FF696357221]
	Microsoft::Applications::Events::EventProperty::to_string [0x00007FF6967396D4+1099860]
	Microsoft::Applications::Events::EventProperty::~EventProperty [0x00007FF69647D8FC+53532]
	Microsoft::Applications::Events::EventProperty::~EventProperty [0x00007FF696470E25+1605]
	Microsoft::Applications::Events::EventProperty::to_string [0x00007FF696738665+1095653]
	Microsoft::Applications::Events::ILogConfiguration::operator* [0x00007FF69650C961+27777]
	Microsoft::Applications::Events::ILogConfiguration::operator* [0x00007FF696506CE4+4100]
	Microsoft::Applications::Events::ILogConfiguration::operator* [0x00007FF696506E1B+4411]
	Microsoft::Applications::Events::EventProperty::~EventProperty [0x00007FF6964FCFA0+575424]
	BaseThreadInitThunk [0x00007FFEF550257D+29]
	RtlUserThreadStart [0x00007FFEF74EAF28+40]

2024-07-05 22:13:13,725 - error_logger - ERROR - ALREADY APPLIED TO THIS ROLE
Traceback (most recent call last):
  File "C:\Users\localadmin\AppData\Local\Temp\ipykernel_7116\4063974176.py", line 11, in apply_job
    easy_apply_button = driver.find_element("xpath", "//button[contains(@aria-label , 'Easy Apply to')]")
                        ^^^^^^^^^^^^^^^^^^^^^^^^^^^^^^^^^^^^^^^^^^^^^^^^^^^^^^^^^^^^^^^^^^^^^^^^^^^^^^^^^
  File "C:\Users\localadmin\AppData\Roaming\Python\Python311\site-packages\selenium\webdriver\remote\webdriver.py", line 741, in find_element
    return self.execute(Command.FIND_ELEMENT, {"using": by, "value": value})["value"]
           ^^^^^^^^^^^^^^^^^^^^^^^^^^^^^^^^^^^^^^^^^^^^^^^^^^^^^^^^^^^^^^^^^
  File "C:\Users\localadmin\AppData\Roaming\Python\Python311\site-packages\selenium\webdriver\remote\webdriver.py", line 347, in execute
    self.error_handler.check_response(response)
  File "C:\Users\localadmin\AppData\Roaming\Python\Python311\site-packages\selenium\webdriver\remote\errorhandler.py", line 229, in check_response
    raise exception_class(message, screen, stacktrace)
selenium.common.exceptions.NoSuchElementException: Message: no such element: Unable to locate element: {"method":"xpath","selector":"//button[contains(@aria-label , 'Easy Apply to')]"}
  (Session info: MicrosoftEdge=126.0.2592.87); For documentation on this error, please visit: https://www.selenium.dev/documentation/webdriver/troubleshooting/errors#no-such-element-exception
Stacktrace:
	GetHandleVerifier [0x00007FF696578132+13538]
	Microsoft::Applications::Events::EventProperty::~EventProperty [0x00007FF696501DE9+595465]
	(No symbol) [0x00007FF69631E6CF]
	(No symbol) [0x00007FF696362960]
	(No symbol) [0x00007FF696362A1F]
	(No symbol) [0x00007FF69639D627]
	(No symbol) [0x00007FF69638203F]
	(No symbol) [0x00007FF696358147]
	(No symbol) [0x00007FF69639B1EE]
	(No symbol) [0x00007FF696381C63]
	(No symbol) [0x00007FF69635766E]
	(No symbol) [0x00007FF69635683C]
	(No symbol) [0x00007FF696357221]
	Microsoft::Applications::Events::EventProperty::to_string [0x00007FF6967396D4+1099860]
	Microsoft::Applications::Events::EventProperty::~EventProperty [0x00007FF69647D8FC+53532]
	Microsoft::Applications::Events::EventProperty::~EventProperty [0x00007FF696470E25+1605]
	Microsoft::Applications::Events::EventProperty::to_string [0x00007FF696738665+1095653]
	Microsoft::Applications::Events::ILogConfiguration::operator* [0x00007FF69650C961+27777]
	Microsoft::Applications::Events::ILogConfiguration::operator* [0x00007FF696506CE4+4100]
	Microsoft::Applications::Events::ILogConfiguration::operator* [0x00007FF696506E1B+4411]
	Microsoft::Applications::Events::EventProperty::~EventProperty [0x00007FF6964FCFA0+575424]
	BaseThreadInitThunk [0x00007FFEF550257D+29]
	RtlUserThreadStart [0x00007FFEF74EAF28+40]

2024-07-05 22:13:19,781 - error_logger - ERROR - EASY APPLY SECTION MISSING
Traceback (most recent call last):
  File "C:\Users\localadmin\AppData\Local\Temp\ipykernel_7116\4063974176.py", line 33, in apply_job
    apply = driver.find_element("xpath" , ".//div[@class='jobs-easy-apply-content']")
            ^^^^^^^^^^^^^^^^^^^^^^^^^^^^^^^^^^^^^^^^^^^^^^^^^^^^^^^^^^^^^^^^^^^^^^^^^
  File "C:\Users\localadmin\AppData\Roaming\Python\Python311\site-packages\selenium\webdriver\remote\webdriver.py", line 741, in find_element
    return self.execute(Command.FIND_ELEMENT, {"using": by, "value": value})["value"]
           ^^^^^^^^^^^^^^^^^^^^^^^^^^^^^^^^^^^^^^^^^^^^^^^^^^^^^^^^^^^^^^^^^
  File "C:\Users\localadmin\AppData\Roaming\Python\Python311\site-packages\selenium\webdriver\remote\webdriver.py", line 347, in execute
    self.error_handler.check_response(response)
  File "C:\Users\localadmin\AppData\Roaming\Python\Python311\site-packages\selenium\webdriver\remote\errorhandler.py", line 229, in check_response
    raise exception_class(message, screen, stacktrace)
selenium.common.exceptions.NoSuchElementException: Message: no such element: Unable to locate element: {"method":"xpath","selector":".//div[@class='jobs-easy-apply-content']"}
  (Session info: MicrosoftEdge=126.0.2592.87); For documentation on this error, please visit: https://www.selenium.dev/documentation/webdriver/troubleshooting/errors#no-such-element-exception
Stacktrace:
	GetHandleVerifier [0x00007FF696578132+13538]
	Microsoft::Applications::Events::EventProperty::~EventProperty [0x00007FF696501DE9+595465]
	(No symbol) [0x00007FF69631E6CF]
	(No symbol) [0x00007FF696362960]
	(No symbol) [0x00007FF696362A1F]
	(No symbol) [0x00007FF69639D627]
	(No symbol) [0x00007FF69638203F]
	(No symbol) [0x00007FF696358147]
	(No symbol) [0x00007FF69639B1EE]
	(No symbol) [0x00007FF696381C63]
	(No symbol) [0x00007FF69635766E]
	(No symbol) [0x00007FF69635683C]
	(No symbol) [0x00007FF696357221]
	Microsoft::Applications::Events::EventProperty::to_string [0x00007FF6967396D4+1099860]
	Microsoft::Applications::Events::EventProperty::~EventProperty [0x00007FF69647D8FC+53532]
	Microsoft::Applications::Events::EventProperty::~EventProperty [0x00007FF696470E25+1605]
	Microsoft::Applications::Events::EventProperty::to_string [0x00007FF696738665+1095653]
	Microsoft::Applications::Events::ILogConfiguration::operator* [0x00007FF69650C961+27777]
	Microsoft::Applications::Events::ILogConfiguration::operator* [0x00007FF696506CE4+4100]
	Microsoft::Applications::Events::ILogConfiguration::operator* [0x00007FF696506E1B+4411]
	Microsoft::Applications::Events::EventProperty::~EventProperty [0x00007FF6964FCFA0+575424]
	BaseThreadInitThunk [0x00007FFEF550257D+29]
	RtlUserThreadStart [0x00007FFEF74EAF28+40]

2024-07-05 22:13:19,781 - error_logger - ERROR - EASY APPLY SECTION MISSING
Traceback (most recent call last):
  File "C:\Users\localadmin\AppData\Local\Temp\ipykernel_7116\4063974176.py", line 33, in apply_job
    apply = driver.find_element("xpath" , ".//div[@class='jobs-easy-apply-content']")
            ^^^^^^^^^^^^^^^^^^^^^^^^^^^^^^^^^^^^^^^^^^^^^^^^^^^^^^^^^^^^^^^^^^^^^^^^^
  File "C:\Users\localadmin\AppData\Roaming\Python\Python311\site-packages\selenium\webdriver\remote\webdriver.py", line 741, in find_element
    return self.execute(Command.FIND_ELEMENT, {"using": by, "value": value})["value"]
           ^^^^^^^^^^^^^^^^^^^^^^^^^^^^^^^^^^^^^^^^^^^^^^^^^^^^^^^^^^^^^^^^^
  File "C:\Users\localadmin\AppData\Roaming\Python\Python311\site-packages\selenium\webdriver\remote\webdriver.py", line 347, in execute
    self.error_handler.check_response(response)
  File "C:\Users\localadmin\AppData\Roaming\Python\Python311\site-packages\selenium\webdriver\remote\errorhandler.py", line 229, in check_response
    raise exception_class(message, screen, stacktrace)
selenium.common.exceptions.NoSuchElementException: Message: no such element: Unable to locate element: {"method":"xpath","selector":".//div[@class='jobs-easy-apply-content']"}
  (Session info: MicrosoftEdge=126.0.2592.87); For documentation on this error, please visit: https://www.selenium.dev/documentation/webdriver/troubleshooting/errors#no-such-element-exception
Stacktrace:
	GetHandleVerifier [0x00007FF696578132+13538]
	Microsoft::Applications::Events::EventProperty::~EventProperty [0x00007FF696501DE9+595465]
	(No symbol) [0x00007FF69631E6CF]
	(No symbol) [0x00007FF696362960]
	(No symbol) [0x00007FF696362A1F]
	(No symbol) [0x00007FF69639D627]
	(No symbol) [0x00007FF69638203F]
	(No symbol) [0x00007FF696358147]
	(No symbol) [0x00007FF69639B1EE]
	(No symbol) [0x00007FF696381C63]
	(No symbol) [0x00007FF69635766E]
	(No symbol) [0x00007FF69635683C]
	(No symbol) [0x00007FF696357221]
	Microsoft::Applications::Events::EventProperty::to_string [0x00007FF6967396D4+1099860]
	Microsoft::Applications::Events::EventProperty::~EventProperty [0x00007FF69647D8FC+53532]
	Microsoft::Applications::Events::EventProperty::~EventProperty [0x00007FF696470E25+1605]
	Microsoft::Applications::Events::EventProperty::to_string [0x00007FF696738665+1095653]
	Microsoft::Applications::Events::ILogConfiguration::operator* [0x00007FF69650C961+27777]
	Microsoft::Applications::Events::ILogConfiguration::operator* [0x00007FF696506CE4+4100]
	Microsoft::Applications::Events::ILogConfiguration::operator* [0x00007FF696506E1B+4411]
	Microsoft::Applications::Events::EventProperty::~EventProperty [0x00007FF6964FCFA0+575424]
	BaseThreadInitThunk [0x00007FFEF550257D+29]
	RtlUserThreadStart [0x00007FFEF74EAF28+40]

2024-07-05 22:13:19,783 - error_logger - ERROR - FORM MISSING
Traceback (most recent call last):
  File "C:\Users\localadmin\AppData\Local\Temp\ipykernel_7116\4063974176.py", line 38, in apply_job
    form = apply.find_element("xpath", ".//form")
           ^^^^^
UnboundLocalError: cannot access local variable 'apply' where it is not associated with a value
2024-07-05 22:13:19,783 - error_logger - ERROR - FORM MISSING
Traceback (most recent call last):
  File "C:\Users\localadmin\AppData\Local\Temp\ipykernel_7116\4063974176.py", line 38, in apply_job
    form = apply.find_element("xpath", ".//form")
           ^^^^^
UnboundLocalError: cannot access local variable 'apply' where it is not associated with a value
2024-07-05 22:13:59,139 - error_logger - ERROR - ALREADY APPLIED TO THIS ROLE
Traceback (most recent call last):
  File "C:\Users\localadmin\AppData\Local\Temp\ipykernel_7116\4063974176.py", line 11, in apply_job
    easy_apply_button = driver.find_element("xpath", "//button[contains(@aria-label , 'Easy Apply to')]")
                        ^^^^^^^^^^^^^^^^^^^^^^^^^^^^^^^^^^^^^^^^^^^^^^^^^^^^^^^^^^^^^^^^^^^^^^^^^^^^^^^^^
  File "C:\Users\localadmin\AppData\Roaming\Python\Python311\site-packages\selenium\webdriver\remote\webdriver.py", line 741, in find_element
    return self.execute(Command.FIND_ELEMENT, {"using": by, "value": value})["value"]
           ^^^^^^^^^^^^^^^^^^^^^^^^^^^^^^^^^^^^^^^^^^^^^^^^^^^^^^^^^^^^^^^^^
  File "C:\Users\localadmin\AppData\Roaming\Python\Python311\site-packages\selenium\webdriver\remote\webdriver.py", line 347, in execute
    self.error_handler.check_response(response)
  File "C:\Users\localadmin\AppData\Roaming\Python\Python311\site-packages\selenium\webdriver\remote\errorhandler.py", line 229, in check_response
    raise exception_class(message, screen, stacktrace)
selenium.common.exceptions.NoSuchElementException: Message: no such element: Unable to locate element: {"method":"xpath","selector":"//button[contains(@aria-label , 'Easy Apply to')]"}
  (Session info: MicrosoftEdge=126.0.2592.87); For documentation on this error, please visit: https://www.selenium.dev/documentation/webdriver/troubleshooting/errors#no-such-element-exception
Stacktrace:
	GetHandleVerifier [0x00007FF696578132+13538]
	Microsoft::Applications::Events::EventProperty::~EventProperty [0x00007FF696501DE9+595465]
	(No symbol) [0x00007FF69631E6CF]
	(No symbol) [0x00007FF696362960]
	(No symbol) [0x00007FF696362A1F]
	(No symbol) [0x00007FF69639D627]
	(No symbol) [0x00007FF69638203F]
	(No symbol) [0x00007FF696358147]
	(No symbol) [0x00007FF69639B1EE]
	(No symbol) [0x00007FF696381C63]
	(No symbol) [0x00007FF69635766E]
	(No symbol) [0x00007FF69635683C]
	(No symbol) [0x00007FF696357221]
	Microsoft::Applications::Events::EventProperty::to_string [0x00007FF6967396D4+1099860]
	Microsoft::Applications::Events::EventProperty::~EventProperty [0x00007FF69647D8FC+53532]
	Microsoft::Applications::Events::EventProperty::~EventProperty [0x00007FF696470E25+1605]
	Microsoft::Applications::Events::EventProperty::to_string [0x00007FF696738665+1095653]
	Microsoft::Applications::Events::ILogConfiguration::operator* [0x00007FF69650C961+27777]
	Microsoft::Applications::Events::ILogConfiguration::operator* [0x00007FF696506CE4+4100]
	Microsoft::Applications::Events::ILogConfiguration::operator* [0x00007FF696506E1B+4411]
	Microsoft::Applications::Events::EventProperty::~EventProperty [0x00007FF6964FCFA0+575424]
	BaseThreadInitThunk [0x00007FFEF550257D+29]
	RtlUserThreadStart [0x00007FFEF74EAF28+40]

2024-07-05 22:13:59,139 - error_logger - ERROR - ALREADY APPLIED TO THIS ROLE
Traceback (most recent call last):
  File "C:\Users\localadmin\AppData\Local\Temp\ipykernel_7116\4063974176.py", line 11, in apply_job
    easy_apply_button = driver.find_element("xpath", "//button[contains(@aria-label , 'Easy Apply to')]")
                        ^^^^^^^^^^^^^^^^^^^^^^^^^^^^^^^^^^^^^^^^^^^^^^^^^^^^^^^^^^^^^^^^^^^^^^^^^^^^^^^^^
  File "C:\Users\localadmin\AppData\Roaming\Python\Python311\site-packages\selenium\webdriver\remote\webdriver.py", line 741, in find_element
    return self.execute(Command.FIND_ELEMENT, {"using": by, "value": value})["value"]
           ^^^^^^^^^^^^^^^^^^^^^^^^^^^^^^^^^^^^^^^^^^^^^^^^^^^^^^^^^^^^^^^^^
  File "C:\Users\localadmin\AppData\Roaming\Python\Python311\site-packages\selenium\webdriver\remote\webdriver.py", line 347, in execute
    self.error_handler.check_response(response)
  File "C:\Users\localadmin\AppData\Roaming\Python\Python311\site-packages\selenium\webdriver\remote\errorhandler.py", line 229, in check_response
    raise exception_class(message, screen, stacktrace)
selenium.common.exceptions.NoSuchElementException: Message: no such element: Unable to locate element: {"method":"xpath","selector":"//button[contains(@aria-label , 'Easy Apply to')]"}
  (Session info: MicrosoftEdge=126.0.2592.87); For documentation on this error, please visit: https://www.selenium.dev/documentation/webdriver/troubleshooting/errors#no-such-element-exception
Stacktrace:
	GetHandleVerifier [0x00007FF696578132+13538]
	Microsoft::Applications::Events::EventProperty::~EventProperty [0x00007FF696501DE9+595465]
	(No symbol) [0x00007FF69631E6CF]
	(No symbol) [0x00007FF696362960]
	(No symbol) [0x00007FF696362A1F]
	(No symbol) [0x00007FF69639D627]
	(No symbol) [0x00007FF69638203F]
	(No symbol) [0x00007FF696358147]
	(No symbol) [0x00007FF69639B1EE]
	(No symbol) [0x00007FF696381C63]
	(No symbol) [0x00007FF69635766E]
	(No symbol) [0x00007FF69635683C]
	(No symbol) [0x00007FF696357221]
	Microsoft::Applications::Events::EventProperty::to_string [0x00007FF6967396D4+1099860]
	Microsoft::Applications::Events::EventProperty::~EventProperty [0x00007FF69647D8FC+53532]
	Microsoft::Applications::Events::EventProperty::~EventProperty [0x00007FF696470E25+1605]
	Microsoft::Applications::Events::EventProperty::to_string [0x00007FF696738665+1095653]
	Microsoft::Applications::Events::ILogConfiguration::operator* [0x00007FF69650C961+27777]
	Microsoft::Applications::Events::ILogConfiguration::operator* [0x00007FF696506CE4+4100]
	Microsoft::Applications::Events::ILogConfiguration::operator* [0x00007FF696506E1B+4411]
	Microsoft::Applications::Events::EventProperty::~EventProperty [0x00007FF6964FCFA0+575424]
	BaseThreadInitThunk [0x00007FFEF550257D+29]
	RtlUserThreadStart [0x00007FFEF74EAF28+40]

2024-07-05 22:14:05,170 - error_logger - ERROR - EASY APPLY SECTION MISSING
Traceback (most recent call last):
  File "C:\Users\localadmin\AppData\Local\Temp\ipykernel_7116\4063974176.py", line 33, in apply_job
    apply = driver.find_element("xpath" , ".//div[@class='jobs-easy-apply-content']")
            ^^^^^^^^^^^^^^^^^^^^^^^^^^^^^^^^^^^^^^^^^^^^^^^^^^^^^^^^^^^^^^^^^^^^^^^^^
  File "C:\Users\localadmin\AppData\Roaming\Python\Python311\site-packages\selenium\webdriver\remote\webdriver.py", line 741, in find_element
    return self.execute(Command.FIND_ELEMENT, {"using": by, "value": value})["value"]
           ^^^^^^^^^^^^^^^^^^^^^^^^^^^^^^^^^^^^^^^^^^^^^^^^^^^^^^^^^^^^^^^^^
  File "C:\Users\localadmin\AppData\Roaming\Python\Python311\site-packages\selenium\webdriver\remote\webdriver.py", line 347, in execute
    self.error_handler.check_response(response)
  File "C:\Users\localadmin\AppData\Roaming\Python\Python311\site-packages\selenium\webdriver\remote\errorhandler.py", line 229, in check_response
    raise exception_class(message, screen, stacktrace)
selenium.common.exceptions.NoSuchElementException: Message: no such element: Unable to locate element: {"method":"xpath","selector":".//div[@class='jobs-easy-apply-content']"}
  (Session info: MicrosoftEdge=126.0.2592.87); For documentation on this error, please visit: https://www.selenium.dev/documentation/webdriver/troubleshooting/errors#no-such-element-exception
Stacktrace:
	GetHandleVerifier [0x00007FF696578132+13538]
	Microsoft::Applications::Events::EventProperty::~EventProperty [0x00007FF696501DE9+595465]
	(No symbol) [0x00007FF69631E6CF]
	(No symbol) [0x00007FF696362960]
	(No symbol) [0x00007FF696362A1F]
	(No symbol) [0x00007FF69639D627]
	(No symbol) [0x00007FF69638203F]
	(No symbol) [0x00007FF696358147]
	(No symbol) [0x00007FF69639B1EE]
	(No symbol) [0x00007FF696381C63]
	(No symbol) [0x00007FF69635766E]
	(No symbol) [0x00007FF69635683C]
	(No symbol) [0x00007FF696357221]
	Microsoft::Applications::Events::EventProperty::to_string [0x00007FF6967396D4+1099860]
	Microsoft::Applications::Events::EventProperty::~EventProperty [0x00007FF69647D8FC+53532]
	Microsoft::Applications::Events::EventProperty::~EventProperty [0x00007FF696470E25+1605]
	Microsoft::Applications::Events::EventProperty::to_string [0x00007FF696738665+1095653]
	Microsoft::Applications::Events::ILogConfiguration::operator* [0x00007FF69650C961+27777]
	Microsoft::Applications::Events::ILogConfiguration::operator* [0x00007FF696506CE4+4100]
	Microsoft::Applications::Events::ILogConfiguration::operator* [0x00007FF696506E1B+4411]
	Microsoft::Applications::Events::EventProperty::~EventProperty [0x00007FF6964FCFA0+575424]
	BaseThreadInitThunk [0x00007FFEF550257D+29]
	RtlUserThreadStart [0x00007FFEF74EAF28+40]

2024-07-05 22:14:05,170 - error_logger - ERROR - EASY APPLY SECTION MISSING
Traceback (most recent call last):
  File "C:\Users\localadmin\AppData\Local\Temp\ipykernel_7116\4063974176.py", line 33, in apply_job
    apply = driver.find_element("xpath" , ".//div[@class='jobs-easy-apply-content']")
            ^^^^^^^^^^^^^^^^^^^^^^^^^^^^^^^^^^^^^^^^^^^^^^^^^^^^^^^^^^^^^^^^^^^^^^^^^
  File "C:\Users\localadmin\AppData\Roaming\Python\Python311\site-packages\selenium\webdriver\remote\webdriver.py", line 741, in find_element
    return self.execute(Command.FIND_ELEMENT, {"using": by, "value": value})["value"]
           ^^^^^^^^^^^^^^^^^^^^^^^^^^^^^^^^^^^^^^^^^^^^^^^^^^^^^^^^^^^^^^^^^
  File "C:\Users\localadmin\AppData\Roaming\Python\Python311\site-packages\selenium\webdriver\remote\webdriver.py", line 347, in execute
    self.error_handler.check_response(response)
  File "C:\Users\localadmin\AppData\Roaming\Python\Python311\site-packages\selenium\webdriver\remote\errorhandler.py", line 229, in check_response
    raise exception_class(message, screen, stacktrace)
selenium.common.exceptions.NoSuchElementException: Message: no such element: Unable to locate element: {"method":"xpath","selector":".//div[@class='jobs-easy-apply-content']"}
  (Session info: MicrosoftEdge=126.0.2592.87); For documentation on this error, please visit: https://www.selenium.dev/documentation/webdriver/troubleshooting/errors#no-such-element-exception
Stacktrace:
	GetHandleVerifier [0x00007FF696578132+13538]
	Microsoft::Applications::Events::EventProperty::~EventProperty [0x00007FF696501DE9+595465]
	(No symbol) [0x00007FF69631E6CF]
	(No symbol) [0x00007FF696362960]
	(No symbol) [0x00007FF696362A1F]
	(No symbol) [0x00007FF69639D627]
	(No symbol) [0x00007FF69638203F]
	(No symbol) [0x00007FF696358147]
	(No symbol) [0x00007FF69639B1EE]
	(No symbol) [0x00007FF696381C63]
	(No symbol) [0x00007FF69635766E]
	(No symbol) [0x00007FF69635683C]
	(No symbol) [0x00007FF696357221]
	Microsoft::Applications::Events::EventProperty::to_string [0x00007FF6967396D4+1099860]
	Microsoft::Applications::Events::EventProperty::~EventProperty [0x00007FF69647D8FC+53532]
	Microsoft::Applications::Events::EventProperty::~EventProperty [0x00007FF696470E25+1605]
	Microsoft::Applications::Events::EventProperty::to_string [0x00007FF696738665+1095653]
	Microsoft::Applications::Events::ILogConfiguration::operator* [0x00007FF69650C961+27777]
	Microsoft::Applications::Events::ILogConfiguration::operator* [0x00007FF696506CE4+4100]
	Microsoft::Applications::Events::ILogConfiguration::operator* [0x00007FF696506E1B+4411]
	Microsoft::Applications::Events::EventProperty::~EventProperty [0x00007FF6964FCFA0+575424]
	BaseThreadInitThunk [0x00007FFEF550257D+29]
	RtlUserThreadStart [0x00007FFEF74EAF28+40]

2024-07-05 22:14:05,171 - error_logger - ERROR - FORM MISSING
Traceback (most recent call last):
  File "C:\Users\localadmin\AppData\Local\Temp\ipykernel_7116\4063974176.py", line 38, in apply_job
    form = apply.find_element("xpath", ".//form")
           ^^^^^
UnboundLocalError: cannot access local variable 'apply' where it is not associated with a value
2024-07-05 22:14:05,171 - error_logger - ERROR - FORM MISSING
Traceback (most recent call last):
  File "C:\Users\localadmin\AppData\Local\Temp\ipykernel_7116\4063974176.py", line 38, in apply_job
    form = apply.find_element("xpath", ".//form")
           ^^^^^
UnboundLocalError: cannot access local variable 'apply' where it is not associated with a value
2024-07-05 22:22:26,312 - error_logger - ERROR - ALREADY APPLIED TO THIS ROLE
Traceback (most recent call last):
  File "C:\Users\localadmin\AppData\Local\Temp\ipykernel_7116\1694731256.py", line 12, in apply_job
    easy_apply_button = driver.find_element("xpath", ".//button[contains(@aria-label , 'Easy Apply to')]")
                        ^^^^^^^^^^^^^^^^^^^^^^^^^^^^^^^^^^^^^^^^^^^^^^^^^^^^^^^^^^^^^^^^^^^^^^^^^^^^^^^^^^
  File "C:\Users\localadmin\AppData\Roaming\Python\Python311\site-packages\selenium\webdriver\remote\webdriver.py", line 741, in find_element
    return self.execute(Command.FIND_ELEMENT, {"using": by, "value": value})["value"]
           ^^^^^^^^^^^^^^^^^^^^^^^^^^^^^^^^^^^^^^^^^^^^^^^^^^^^^^^^^^^^^^^^^
  File "C:\Users\localadmin\AppData\Roaming\Python\Python311\site-packages\selenium\webdriver\remote\webdriver.py", line 347, in execute
    self.error_handler.check_response(response)
  File "C:\Users\localadmin\AppData\Roaming\Python\Python311\site-packages\selenium\webdriver\remote\errorhandler.py", line 229, in check_response
    raise exception_class(message, screen, stacktrace)
selenium.common.exceptions.NoSuchElementException: Message: no such element: Unable to locate element: {"method":"xpath","selector":".//button[contains(@aria-label , 'Easy Apply to')]"}
  (Session info: MicrosoftEdge=126.0.2592.87); For documentation on this error, please visit: https://www.selenium.dev/documentation/webdriver/troubleshooting/errors#no-such-element-exception
Stacktrace:
	GetHandleVerifier [0x00007FF696578132+13538]
	Microsoft::Applications::Events::EventProperty::~EventProperty [0x00007FF696501DE9+595465]
	(No symbol) [0x00007FF69631E6CF]
	(No symbol) [0x00007FF696362960]
	(No symbol) [0x00007FF696362A1F]
	(No symbol) [0x00007FF69639D627]
	(No symbol) [0x00007FF69638203F]
	(No symbol) [0x00007FF696358147]
	(No symbol) [0x00007FF69639B1EE]
	(No symbol) [0x00007FF696381C63]
	(No symbol) [0x00007FF69635766E]
	(No symbol) [0x00007FF69635683C]
	(No symbol) [0x00007FF696357221]
	Microsoft::Applications::Events::EventProperty::to_string [0x00007FF6967396D4+1099860]
	Microsoft::Applications::Events::EventProperty::~EventProperty [0x00007FF69647D8FC+53532]
	Microsoft::Applications::Events::EventProperty::~EventProperty [0x00007FF696470E25+1605]
	Microsoft::Applications::Events::EventProperty::to_string [0x00007FF696738665+1095653]
	Microsoft::Applications::Events::ILogConfiguration::operator* [0x00007FF69650C961+27777]
	Microsoft::Applications::Events::ILogConfiguration::operator* [0x00007FF696506CE4+4100]
	Microsoft::Applications::Events::ILogConfiguration::operator* [0x00007FF696506E1B+4411]
	Microsoft::Applications::Events::EventProperty::~EventProperty [0x00007FF6964FCFA0+575424]
	BaseThreadInitThunk [0x00007FFEF550257D+29]
	RtlUserThreadStart [0x00007FFEF74EAF28+40]

2024-07-05 22:22:26,312 - error_logger - ERROR - ALREADY APPLIED TO THIS ROLE
Traceback (most recent call last):
  File "C:\Users\localadmin\AppData\Local\Temp\ipykernel_7116\1694731256.py", line 12, in apply_job
    easy_apply_button = driver.find_element("xpath", ".//button[contains(@aria-label , 'Easy Apply to')]")
                        ^^^^^^^^^^^^^^^^^^^^^^^^^^^^^^^^^^^^^^^^^^^^^^^^^^^^^^^^^^^^^^^^^^^^^^^^^^^^^^^^^^
  File "C:\Users\localadmin\AppData\Roaming\Python\Python311\site-packages\selenium\webdriver\remote\webdriver.py", line 741, in find_element
    return self.execute(Command.FIND_ELEMENT, {"using": by, "value": value})["value"]
           ^^^^^^^^^^^^^^^^^^^^^^^^^^^^^^^^^^^^^^^^^^^^^^^^^^^^^^^^^^^^^^^^^
  File "C:\Users\localadmin\AppData\Roaming\Python\Python311\site-packages\selenium\webdriver\remote\webdriver.py", line 347, in execute
    self.error_handler.check_response(response)
  File "C:\Users\localadmin\AppData\Roaming\Python\Python311\site-packages\selenium\webdriver\remote\errorhandler.py", line 229, in check_response
    raise exception_class(message, screen, stacktrace)
selenium.common.exceptions.NoSuchElementException: Message: no such element: Unable to locate element: {"method":"xpath","selector":".//button[contains(@aria-label , 'Easy Apply to')]"}
  (Session info: MicrosoftEdge=126.0.2592.87); For documentation on this error, please visit: https://www.selenium.dev/documentation/webdriver/troubleshooting/errors#no-such-element-exception
Stacktrace:
	GetHandleVerifier [0x00007FF696578132+13538]
	Microsoft::Applications::Events::EventProperty::~EventProperty [0x00007FF696501DE9+595465]
	(No symbol) [0x00007FF69631E6CF]
	(No symbol) [0x00007FF696362960]
	(No symbol) [0x00007FF696362A1F]
	(No symbol) [0x00007FF69639D627]
	(No symbol) [0x00007FF69638203F]
	(No symbol) [0x00007FF696358147]
	(No symbol) [0x00007FF69639B1EE]
	(No symbol) [0x00007FF696381C63]
	(No symbol) [0x00007FF69635766E]
	(No symbol) [0x00007FF69635683C]
	(No symbol) [0x00007FF696357221]
	Microsoft::Applications::Events::EventProperty::to_string [0x00007FF6967396D4+1099860]
	Microsoft::Applications::Events::EventProperty::~EventProperty [0x00007FF69647D8FC+53532]
	Microsoft::Applications::Events::EventProperty::~EventProperty [0x00007FF696470E25+1605]
	Microsoft::Applications::Events::EventProperty::to_string [0x00007FF696738665+1095653]
	Microsoft::Applications::Events::ILogConfiguration::operator* [0x00007FF69650C961+27777]
	Microsoft::Applications::Events::ILogConfiguration::operator* [0x00007FF696506CE4+4100]
	Microsoft::Applications::Events::ILogConfiguration::operator* [0x00007FF696506E1B+4411]
	Microsoft::Applications::Events::EventProperty::~EventProperty [0x00007FF6964FCFA0+575424]
	BaseThreadInitThunk [0x00007FFEF550257D+29]
	RtlUserThreadStart [0x00007FFEF74EAF28+40]

2024-07-05 22:22:32,403 - error_logger - ERROR - EASY APPLY SECTION MISSING
Traceback (most recent call last):
  File "C:\Users\localadmin\AppData\Local\Temp\ipykernel_7116\1694731256.py", line 34, in apply_job
    apply = driver.find_element("xpath" , ".//div[@class='jobs-easy-apply-content']")
            ^^^^^^^^^^^^^^^^^^^^^^^^^^^^^^^^^^^^^^^^^^^^^^^^^^^^^^^^^^^^^^^^^^^^^^^^^
  File "C:\Users\localadmin\AppData\Roaming\Python\Python311\site-packages\selenium\webdriver\remote\webdriver.py", line 741, in find_element
    return self.execute(Command.FIND_ELEMENT, {"using": by, "value": value})["value"]
           ^^^^^^^^^^^^^^^^^^^^^^^^^^^^^^^^^^^^^^^^^^^^^^^^^^^^^^^^^^^^^^^^^
  File "C:\Users\localadmin\AppData\Roaming\Python\Python311\site-packages\selenium\webdriver\remote\webdriver.py", line 347, in execute
    self.error_handler.check_response(response)
  File "C:\Users\localadmin\AppData\Roaming\Python\Python311\site-packages\selenium\webdriver\remote\errorhandler.py", line 229, in check_response
    raise exception_class(message, screen, stacktrace)
selenium.common.exceptions.NoSuchElementException: Message: no such element: Unable to locate element: {"method":"xpath","selector":".//div[@class='jobs-easy-apply-content']"}
  (Session info: MicrosoftEdge=126.0.2592.87); For documentation on this error, please visit: https://www.selenium.dev/documentation/webdriver/troubleshooting/errors#no-such-element-exception
Stacktrace:
	GetHandleVerifier [0x00007FF696578132+13538]
	Microsoft::Applications::Events::EventProperty::~EventProperty [0x00007FF696501DE9+595465]
	(No symbol) [0x00007FF69631E6CF]
	(No symbol) [0x00007FF696362960]
	(No symbol) [0x00007FF696362A1F]
	(No symbol) [0x00007FF69639D627]
	(No symbol) [0x00007FF69638203F]
	(No symbol) [0x00007FF696358147]
	(No symbol) [0x00007FF69639B1EE]
	(No symbol) [0x00007FF696381C63]
	(No symbol) [0x00007FF69635766E]
	(No symbol) [0x00007FF69635683C]
	(No symbol) [0x00007FF696357221]
	Microsoft::Applications::Events::EventProperty::to_string [0x00007FF6967396D4+1099860]
	Microsoft::Applications::Events::EventProperty::~EventProperty [0x00007FF69647D8FC+53532]
	Microsoft::Applications::Events::EventProperty::~EventProperty [0x00007FF696470E25+1605]
	Microsoft::Applications::Events::EventProperty::to_string [0x00007FF696738665+1095653]
	Microsoft::Applications::Events::ILogConfiguration::operator* [0x00007FF69650C961+27777]
	Microsoft::Applications::Events::ILogConfiguration::operator* [0x00007FF696506CE4+4100]
	Microsoft::Applications::Events::ILogConfiguration::operator* [0x00007FF696506E1B+4411]
	Microsoft::Applications::Events::EventProperty::~EventProperty [0x00007FF6964FCFA0+575424]
	BaseThreadInitThunk [0x00007FFEF550257D+29]
	RtlUserThreadStart [0x00007FFEF74EAF28+40]

2024-07-05 22:22:32,403 - error_logger - ERROR - EASY APPLY SECTION MISSING
Traceback (most recent call last):
  File "C:\Users\localadmin\AppData\Local\Temp\ipykernel_7116\1694731256.py", line 34, in apply_job
    apply = driver.find_element("xpath" , ".//div[@class='jobs-easy-apply-content']")
            ^^^^^^^^^^^^^^^^^^^^^^^^^^^^^^^^^^^^^^^^^^^^^^^^^^^^^^^^^^^^^^^^^^^^^^^^^
  File "C:\Users\localadmin\AppData\Roaming\Python\Python311\site-packages\selenium\webdriver\remote\webdriver.py", line 741, in find_element
    return self.execute(Command.FIND_ELEMENT, {"using": by, "value": value})["value"]
           ^^^^^^^^^^^^^^^^^^^^^^^^^^^^^^^^^^^^^^^^^^^^^^^^^^^^^^^^^^^^^^^^^
  File "C:\Users\localadmin\AppData\Roaming\Python\Python311\site-packages\selenium\webdriver\remote\webdriver.py", line 347, in execute
    self.error_handler.check_response(response)
  File "C:\Users\localadmin\AppData\Roaming\Python\Python311\site-packages\selenium\webdriver\remote\errorhandler.py", line 229, in check_response
    raise exception_class(message, screen, stacktrace)
selenium.common.exceptions.NoSuchElementException: Message: no such element: Unable to locate element: {"method":"xpath","selector":".//div[@class='jobs-easy-apply-content']"}
  (Session info: MicrosoftEdge=126.0.2592.87); For documentation on this error, please visit: https://www.selenium.dev/documentation/webdriver/troubleshooting/errors#no-such-element-exception
Stacktrace:
	GetHandleVerifier [0x00007FF696578132+13538]
	Microsoft::Applications::Events::EventProperty::~EventProperty [0x00007FF696501DE9+595465]
	(No symbol) [0x00007FF69631E6CF]
	(No symbol) [0x00007FF696362960]
	(No symbol) [0x00007FF696362A1F]
	(No symbol) [0x00007FF69639D627]
	(No symbol) [0x00007FF69638203F]
	(No symbol) [0x00007FF696358147]
	(No symbol) [0x00007FF69639B1EE]
	(No symbol) [0x00007FF696381C63]
	(No symbol) [0x00007FF69635766E]
	(No symbol) [0x00007FF69635683C]
	(No symbol) [0x00007FF696357221]
	Microsoft::Applications::Events::EventProperty::to_string [0x00007FF6967396D4+1099860]
	Microsoft::Applications::Events::EventProperty::~EventProperty [0x00007FF69647D8FC+53532]
	Microsoft::Applications::Events::EventProperty::~EventProperty [0x00007FF696470E25+1605]
	Microsoft::Applications::Events::EventProperty::to_string [0x00007FF696738665+1095653]
	Microsoft::Applications::Events::ILogConfiguration::operator* [0x00007FF69650C961+27777]
	Microsoft::Applications::Events::ILogConfiguration::operator* [0x00007FF696506CE4+4100]
	Microsoft::Applications::Events::ILogConfiguration::operator* [0x00007FF696506E1B+4411]
	Microsoft::Applications::Events::EventProperty::~EventProperty [0x00007FF6964FCFA0+575424]
	BaseThreadInitThunk [0x00007FFEF550257D+29]
	RtlUserThreadStart [0x00007FFEF74EAF28+40]

2024-07-05 22:22:32,407 - error_logger - ERROR - FORM MISSING
Traceback (most recent call last):
  File "C:\Users\localadmin\AppData\Local\Temp\ipykernel_7116\1694731256.py", line 39, in apply_job
    form = apply.find_element("xpath", ".//form")
           ^^^^^
UnboundLocalError: cannot access local variable 'apply' where it is not associated with a value
2024-07-05 22:22:32,407 - error_logger - ERROR - FORM MISSING
Traceback (most recent call last):
  File "C:\Users\localadmin\AppData\Local\Temp\ipykernel_7116\1694731256.py", line 39, in apply_job
    form = apply.find_element("xpath", ".//form")
           ^^^^^
UnboundLocalError: cannot access local variable 'apply' where it is not associated with a value
2024-07-05 22:34:31,778 - error_logger - ERROR - ALREADY APPLIED TO THIS ROLE
Traceback (most recent call last):
  File "C:\Users\localadmin\AppData\Local\Temp\ipykernel_7116\2012713138.py", line 10, in apply_job
    easy_apply_button = driver.find_element("xpath", ".//button[contains(@aria-label , 'Easy Apply to')]")
                        ^^^^^^^^^^^^^^^^^^^^^^^^^^^^^^^^^^^^^^^^^^^^^^^^^^^^^^^^^^^^^^^^^^^^^^^^^^^^^^^^^^
  File "C:\Users\localadmin\AppData\Roaming\Python\Python311\site-packages\selenium\webdriver\remote\webdriver.py", line 741, in find_element
    return self.execute(Command.FIND_ELEMENT, {"using": by, "value": value})["value"]
           ^^^^^^^^^^^^^^^^^^^^^^^^^^^^^^^^^^^^^^^^^^^^^^^^^^^^^^^^^^^^^^^^^
  File "C:\Users\localadmin\AppData\Roaming\Python\Python311\site-packages\selenium\webdriver\remote\webdriver.py", line 347, in execute
    self.error_handler.check_response(response)
  File "C:\Users\localadmin\AppData\Roaming\Python\Python311\site-packages\selenium\webdriver\remote\errorhandler.py", line 229, in check_response
    raise exception_class(message, screen, stacktrace)
selenium.common.exceptions.NoSuchElementException: Message: no such element: Unable to locate element: {"method":"xpath","selector":".//button[contains(@aria-label , 'Easy Apply to')]"}
  (Session info: MicrosoftEdge=126.0.2592.87); For documentation on this error, please visit: https://www.selenium.dev/documentation/webdriver/troubleshooting/errors#no-such-element-exception
Stacktrace:
	GetHandleVerifier [0x00007FF696578132+13538]
	Microsoft::Applications::Events::EventProperty::~EventProperty [0x00007FF696501DE9+595465]
	(No symbol) [0x00007FF69631E6CF]
	(No symbol) [0x00007FF696362960]
	(No symbol) [0x00007FF696362A1F]
	(No symbol) [0x00007FF69639D627]
	(No symbol) [0x00007FF69638203F]
	(No symbol) [0x00007FF696358147]
	(No symbol) [0x00007FF69639B1EE]
	(No symbol) [0x00007FF696381C63]
	(No symbol) [0x00007FF69635766E]
	(No symbol) [0x00007FF69635683C]
	(No symbol) [0x00007FF696357221]
	Microsoft::Applications::Events::EventProperty::to_string [0x00007FF6967396D4+1099860]
	Microsoft::Applications::Events::EventProperty::~EventProperty [0x00007FF69647D8FC+53532]
	Microsoft::Applications::Events::EventProperty::~EventProperty [0x00007FF696470E25+1605]
	Microsoft::Applications::Events::EventProperty::to_string [0x00007FF696738665+1095653]
	Microsoft::Applications::Events::ILogConfiguration::operator* [0x00007FF69650C961+27777]
	Microsoft::Applications::Events::ILogConfiguration::operator* [0x00007FF696506CE4+4100]
	Microsoft::Applications::Events::ILogConfiguration::operator* [0x00007FF696506E1B+4411]
	Microsoft::Applications::Events::EventProperty::~EventProperty [0x00007FF6964FCFA0+575424]
	BaseThreadInitThunk [0x00007FFEF550257D+29]
	RtlUserThreadStart [0x00007FFEF74EAF28+40]

2024-07-05 22:34:31,778 - error_logger - ERROR - ALREADY APPLIED TO THIS ROLE
Traceback (most recent call last):
  File "C:\Users\localadmin\AppData\Local\Temp\ipykernel_7116\2012713138.py", line 10, in apply_job
    easy_apply_button = driver.find_element("xpath", ".//button[contains(@aria-label , 'Easy Apply to')]")
                        ^^^^^^^^^^^^^^^^^^^^^^^^^^^^^^^^^^^^^^^^^^^^^^^^^^^^^^^^^^^^^^^^^^^^^^^^^^^^^^^^^^
  File "C:\Users\localadmin\AppData\Roaming\Python\Python311\site-packages\selenium\webdriver\remote\webdriver.py", line 741, in find_element
    return self.execute(Command.FIND_ELEMENT, {"using": by, "value": value})["value"]
           ^^^^^^^^^^^^^^^^^^^^^^^^^^^^^^^^^^^^^^^^^^^^^^^^^^^^^^^^^^^^^^^^^
  File "C:\Users\localadmin\AppData\Roaming\Python\Python311\site-packages\selenium\webdriver\remote\webdriver.py", line 347, in execute
    self.error_handler.check_response(response)
  File "C:\Users\localadmin\AppData\Roaming\Python\Python311\site-packages\selenium\webdriver\remote\errorhandler.py", line 229, in check_response
    raise exception_class(message, screen, stacktrace)
selenium.common.exceptions.NoSuchElementException: Message: no such element: Unable to locate element: {"method":"xpath","selector":".//button[contains(@aria-label , 'Easy Apply to')]"}
  (Session info: MicrosoftEdge=126.0.2592.87); For documentation on this error, please visit: https://www.selenium.dev/documentation/webdriver/troubleshooting/errors#no-such-element-exception
Stacktrace:
	GetHandleVerifier [0x00007FF696578132+13538]
	Microsoft::Applications::Events::EventProperty::~EventProperty [0x00007FF696501DE9+595465]
	(No symbol) [0x00007FF69631E6CF]
	(No symbol) [0x00007FF696362960]
	(No symbol) [0x00007FF696362A1F]
	(No symbol) [0x00007FF69639D627]
	(No symbol) [0x00007FF69638203F]
	(No symbol) [0x00007FF696358147]
	(No symbol) [0x00007FF69639B1EE]
	(No symbol) [0x00007FF696381C63]
	(No symbol) [0x00007FF69635766E]
	(No symbol) [0x00007FF69635683C]
	(No symbol) [0x00007FF696357221]
	Microsoft::Applications::Events::EventProperty::to_string [0x00007FF6967396D4+1099860]
	Microsoft::Applications::Events::EventProperty::~EventProperty [0x00007FF69647D8FC+53532]
	Microsoft::Applications::Events::EventProperty::~EventProperty [0x00007FF696470E25+1605]
	Microsoft::Applications::Events::EventProperty::to_string [0x00007FF696738665+1095653]
	Microsoft::Applications::Events::ILogConfiguration::operator* [0x00007FF69650C961+27777]
	Microsoft::Applications::Events::ILogConfiguration::operator* [0x00007FF696506CE4+4100]
	Microsoft::Applications::Events::ILogConfiguration::operator* [0x00007FF696506E1B+4411]
	Microsoft::Applications::Events::EventProperty::~EventProperty [0x00007FF6964FCFA0+575424]
	BaseThreadInitThunk [0x00007FFEF550257D+29]
	RtlUserThreadStart [0x00007FFEF74EAF28+40]

2024-07-05 22:34:37,883 - error_logger - ERROR - EASY APPLY SECTION MISSING / END OF FORM REACHED
Traceback (most recent call last):
  File "C:\Users\localadmin\AppData\Local\Temp\ipykernel_7116\2012713138.py", line 38, in apply_job
    apply = driver.find_element("xpath" , ".//div[@class='jobs-easy-apply-content']")
            ^^^^^^^^^^^^^^^^^^^^^^^^^^^^^^^^^^^^^^^^^^^^^^^^^^^^^^^^^^^^^^^^^^^^^^^^^
  File "C:\Users\localadmin\AppData\Roaming\Python\Python311\site-packages\selenium\webdriver\remote\webdriver.py", line 741, in find_element
    return self.execute(Command.FIND_ELEMENT, {"using": by, "value": value})["value"]
           ^^^^^^^^^^^^^^^^^^^^^^^^^^^^^^^^^^^^^^^^^^^^^^^^^^^^^^^^^^^^^^^^^
  File "C:\Users\localadmin\AppData\Roaming\Python\Python311\site-packages\selenium\webdriver\remote\webdriver.py", line 347, in execute
    self.error_handler.check_response(response)
  File "C:\Users\localadmin\AppData\Roaming\Python\Python311\site-packages\selenium\webdriver\remote\errorhandler.py", line 229, in check_response
    raise exception_class(message, screen, stacktrace)
selenium.common.exceptions.NoSuchElementException: Message: no such element: Unable to locate element: {"method":"xpath","selector":".//div[@class='jobs-easy-apply-content']"}
  (Session info: MicrosoftEdge=126.0.2592.87); For documentation on this error, please visit: https://www.selenium.dev/documentation/webdriver/troubleshooting/errors#no-such-element-exception
Stacktrace:
	GetHandleVerifier [0x00007FF696578132+13538]
	Microsoft::Applications::Events::EventProperty::~EventProperty [0x00007FF696501DE9+595465]
	(No symbol) [0x00007FF69631E6CF]
	(No symbol) [0x00007FF696362960]
	(No symbol) [0x00007FF696362A1F]
	(No symbol) [0x00007FF69639D627]
	(No symbol) [0x00007FF69638203F]
	(No symbol) [0x00007FF696358147]
	(No symbol) [0x00007FF69639B1EE]
	(No symbol) [0x00007FF696381C63]
	(No symbol) [0x00007FF69635766E]
	(No symbol) [0x00007FF69635683C]
	(No symbol) [0x00007FF696357221]
	Microsoft::Applications::Events::EventProperty::to_string [0x00007FF6967396D4+1099860]
	Microsoft::Applications::Events::EventProperty::~EventProperty [0x00007FF69647D8FC+53532]
	Microsoft::Applications::Events::EventProperty::~EventProperty [0x00007FF696470E25+1605]
	Microsoft::Applications::Events::EventProperty::to_string [0x00007FF696738665+1095653]
	Microsoft::Applications::Events::ILogConfiguration::operator* [0x00007FF69650C961+27777]
	Microsoft::Applications::Events::ILogConfiguration::operator* [0x00007FF696506CE4+4100]
	Microsoft::Applications::Events::ILogConfiguration::operator* [0x00007FF696506E1B+4411]
	Microsoft::Applications::Events::EventProperty::~EventProperty [0x00007FF6964FCFA0+575424]
	BaseThreadInitThunk [0x00007FFEF550257D+29]
	RtlUserThreadStart [0x00007FFEF74EAF28+40]

2024-07-05 22:34:37,883 - error_logger - ERROR - EASY APPLY SECTION MISSING / END OF FORM REACHED
Traceback (most recent call last):
  File "C:\Users\localadmin\AppData\Local\Temp\ipykernel_7116\2012713138.py", line 38, in apply_job
    apply = driver.find_element("xpath" , ".//div[@class='jobs-easy-apply-content']")
            ^^^^^^^^^^^^^^^^^^^^^^^^^^^^^^^^^^^^^^^^^^^^^^^^^^^^^^^^^^^^^^^^^^^^^^^^^
  File "C:\Users\localadmin\AppData\Roaming\Python\Python311\site-packages\selenium\webdriver\remote\webdriver.py", line 741, in find_element
    return self.execute(Command.FIND_ELEMENT, {"using": by, "value": value})["value"]
           ^^^^^^^^^^^^^^^^^^^^^^^^^^^^^^^^^^^^^^^^^^^^^^^^^^^^^^^^^^^^^^^^^
  File "C:\Users\localadmin\AppData\Roaming\Python\Python311\site-packages\selenium\webdriver\remote\webdriver.py", line 347, in execute
    self.error_handler.check_response(response)
  File "C:\Users\localadmin\AppData\Roaming\Python\Python311\site-packages\selenium\webdriver\remote\errorhandler.py", line 229, in check_response
    raise exception_class(message, screen, stacktrace)
selenium.common.exceptions.NoSuchElementException: Message: no such element: Unable to locate element: {"method":"xpath","selector":".//div[@class='jobs-easy-apply-content']"}
  (Session info: MicrosoftEdge=126.0.2592.87); For documentation on this error, please visit: https://www.selenium.dev/documentation/webdriver/troubleshooting/errors#no-such-element-exception
Stacktrace:
	GetHandleVerifier [0x00007FF696578132+13538]
	Microsoft::Applications::Events::EventProperty::~EventProperty [0x00007FF696501DE9+595465]
	(No symbol) [0x00007FF69631E6CF]
	(No symbol) [0x00007FF696362960]
	(No symbol) [0x00007FF696362A1F]
	(No symbol) [0x00007FF69639D627]
	(No symbol) [0x00007FF69638203F]
	(No symbol) [0x00007FF696358147]
	(No symbol) [0x00007FF69639B1EE]
	(No symbol) [0x00007FF696381C63]
	(No symbol) [0x00007FF69635766E]
	(No symbol) [0x00007FF69635683C]
	(No symbol) [0x00007FF696357221]
	Microsoft::Applications::Events::EventProperty::to_string [0x00007FF6967396D4+1099860]
	Microsoft::Applications::Events::EventProperty::~EventProperty [0x00007FF69647D8FC+53532]
	Microsoft::Applications::Events::EventProperty::~EventProperty [0x00007FF696470E25+1605]
	Microsoft::Applications::Events::EventProperty::to_string [0x00007FF696738665+1095653]
	Microsoft::Applications::Events::ILogConfiguration::operator* [0x00007FF69650C961+27777]
	Microsoft::Applications::Events::ILogConfiguration::operator* [0x00007FF696506CE4+4100]
	Microsoft::Applications::Events::ILogConfiguration::operator* [0x00007FF696506E1B+4411]
	Microsoft::Applications::Events::EventProperty::~EventProperty [0x00007FF6964FCFA0+575424]
	BaseThreadInitThunk [0x00007FFEF550257D+29]
	RtlUserThreadStart [0x00007FFEF74EAF28+40]

2024-07-05 22:35:37,790 - error_logger - ERROR - ALREADY APPLIED TO THIS ROLE
Traceback (most recent call last):
  File "C:\Users\localadmin\AppData\Local\Temp\ipykernel_7116\2012713138.py", line 10, in apply_job
    easy_apply_button = driver.find_element("xpath", ".//button[contains(@aria-label , 'Easy Apply to')]")
                        ^^^^^^^^^^^^^^^^^^^^^^^^^^^^^^^^^^^^^^^^^^^^^^^^^^^^^^^^^^^^^^^^^^^^^^^^^^^^^^^^^^
  File "C:\Users\localadmin\AppData\Roaming\Python\Python311\site-packages\selenium\webdriver\remote\webdriver.py", line 741, in find_element
    return self.execute(Command.FIND_ELEMENT, {"using": by, "value": value})["value"]
           ^^^^^^^^^^^^^^^^^^^^^^^^^^^^^^^^^^^^^^^^^^^^^^^^^^^^^^^^^^^^^^^^^
  File "C:\Users\localadmin\AppData\Roaming\Python\Python311\site-packages\selenium\webdriver\remote\webdriver.py", line 347, in execute
    self.error_handler.check_response(response)
  File "C:\Users\localadmin\AppData\Roaming\Python\Python311\site-packages\selenium\webdriver\remote\errorhandler.py", line 229, in check_response
    raise exception_class(message, screen, stacktrace)
selenium.common.exceptions.NoSuchElementException: Message: no such element: Unable to locate element: {"method":"xpath","selector":".//button[contains(@aria-label , 'Easy Apply to')]"}
  (Session info: MicrosoftEdge=126.0.2592.87); For documentation on this error, please visit: https://www.selenium.dev/documentation/webdriver/troubleshooting/errors#no-such-element-exception
Stacktrace:
	GetHandleVerifier [0x00007FF696578132+13538]
	Microsoft::Applications::Events::EventProperty::~EventProperty [0x00007FF696501DE9+595465]
	(No symbol) [0x00007FF69631E6CF]
	(No symbol) [0x00007FF696362960]
	(No symbol) [0x00007FF696362A1F]
	(No symbol) [0x00007FF69639D627]
	(No symbol) [0x00007FF69638203F]
	(No symbol) [0x00007FF696358147]
	(No symbol) [0x00007FF69639B1EE]
	(No symbol) [0x00007FF696381C63]
	(No symbol) [0x00007FF69635766E]
	(No symbol) [0x00007FF69635683C]
	(No symbol) [0x00007FF696357221]
	Microsoft::Applications::Events::EventProperty::to_string [0x00007FF6967396D4+1099860]
	Microsoft::Applications::Events::EventProperty::~EventProperty [0x00007FF69647D8FC+53532]
	Microsoft::Applications::Events::EventProperty::~EventProperty [0x00007FF696470E25+1605]
	Microsoft::Applications::Events::EventProperty::to_string [0x00007FF696738665+1095653]
	Microsoft::Applications::Events::ILogConfiguration::operator* [0x00007FF69650C961+27777]
	Microsoft::Applications::Events::ILogConfiguration::operator* [0x00007FF696506CE4+4100]
	Microsoft::Applications::Events::ILogConfiguration::operator* [0x00007FF696506E1B+4411]
	Microsoft::Applications::Events::EventProperty::~EventProperty [0x00007FF6964FCFA0+575424]
	BaseThreadInitThunk [0x00007FFEF550257D+29]
	RtlUserThreadStart [0x00007FFEF74EAF28+40]

2024-07-05 22:35:37,790 - error_logger - ERROR - ALREADY APPLIED TO THIS ROLE
Traceback (most recent call last):
  File "C:\Users\localadmin\AppData\Local\Temp\ipykernel_7116\2012713138.py", line 10, in apply_job
    easy_apply_button = driver.find_element("xpath", ".//button[contains(@aria-label , 'Easy Apply to')]")
                        ^^^^^^^^^^^^^^^^^^^^^^^^^^^^^^^^^^^^^^^^^^^^^^^^^^^^^^^^^^^^^^^^^^^^^^^^^^^^^^^^^^
  File "C:\Users\localadmin\AppData\Roaming\Python\Python311\site-packages\selenium\webdriver\remote\webdriver.py", line 741, in find_element
    return self.execute(Command.FIND_ELEMENT, {"using": by, "value": value})["value"]
           ^^^^^^^^^^^^^^^^^^^^^^^^^^^^^^^^^^^^^^^^^^^^^^^^^^^^^^^^^^^^^^^^^
  File "C:\Users\localadmin\AppData\Roaming\Python\Python311\site-packages\selenium\webdriver\remote\webdriver.py", line 347, in execute
    self.error_handler.check_response(response)
  File "C:\Users\localadmin\AppData\Roaming\Python\Python311\site-packages\selenium\webdriver\remote\errorhandler.py", line 229, in check_response
    raise exception_class(message, screen, stacktrace)
selenium.common.exceptions.NoSuchElementException: Message: no such element: Unable to locate element: {"method":"xpath","selector":".//button[contains(@aria-label , 'Easy Apply to')]"}
  (Session info: MicrosoftEdge=126.0.2592.87); For documentation on this error, please visit: https://www.selenium.dev/documentation/webdriver/troubleshooting/errors#no-such-element-exception
Stacktrace:
	GetHandleVerifier [0x00007FF696578132+13538]
	Microsoft::Applications::Events::EventProperty::~EventProperty [0x00007FF696501DE9+595465]
	(No symbol) [0x00007FF69631E6CF]
	(No symbol) [0x00007FF696362960]
	(No symbol) [0x00007FF696362A1F]
	(No symbol) [0x00007FF69639D627]
	(No symbol) [0x00007FF69638203F]
	(No symbol) [0x00007FF696358147]
	(No symbol) [0x00007FF69639B1EE]
	(No symbol) [0x00007FF696381C63]
	(No symbol) [0x00007FF69635766E]
	(No symbol) [0x00007FF69635683C]
	(No symbol) [0x00007FF696357221]
	Microsoft::Applications::Events::EventProperty::to_string [0x00007FF6967396D4+1099860]
	Microsoft::Applications::Events::EventProperty::~EventProperty [0x00007FF69647D8FC+53532]
	Microsoft::Applications::Events::EventProperty::~EventProperty [0x00007FF696470E25+1605]
	Microsoft::Applications::Events::EventProperty::to_string [0x00007FF696738665+1095653]
	Microsoft::Applications::Events::ILogConfiguration::operator* [0x00007FF69650C961+27777]
	Microsoft::Applications::Events::ILogConfiguration::operator* [0x00007FF696506CE4+4100]
	Microsoft::Applications::Events::ILogConfiguration::operator* [0x00007FF696506E1B+4411]
	Microsoft::Applications::Events::EventProperty::~EventProperty [0x00007FF6964FCFA0+575424]
	BaseThreadInitThunk [0x00007FFEF550257D+29]
	RtlUserThreadStart [0x00007FFEF74EAF28+40]

2024-07-05 22:35:43,862 - error_logger - ERROR - EASY APPLY SECTION MISSING / END OF FORM REACHED
Traceback (most recent call last):
  File "C:\Users\localadmin\AppData\Local\Temp\ipykernel_7116\2012713138.py", line 38, in apply_job
    apply = driver.find_element("xpath" , ".//div[@class='jobs-easy-apply-content']")
            ^^^^^^^^^^^^^^^^^^^^^^^^^^^^^^^^^^^^^^^^^^^^^^^^^^^^^^^^^^^^^^^^^^^^^^^^^
  File "C:\Users\localadmin\AppData\Roaming\Python\Python311\site-packages\selenium\webdriver\remote\webdriver.py", line 741, in find_element
    return self.execute(Command.FIND_ELEMENT, {"using": by, "value": value})["value"]
           ^^^^^^^^^^^^^^^^^^^^^^^^^^^^^^^^^^^^^^^^^^^^^^^^^^^^^^^^^^^^^^^^^
  File "C:\Users\localadmin\AppData\Roaming\Python\Python311\site-packages\selenium\webdriver\remote\webdriver.py", line 347, in execute
    self.error_handler.check_response(response)
  File "C:\Users\localadmin\AppData\Roaming\Python\Python311\site-packages\selenium\webdriver\remote\errorhandler.py", line 229, in check_response
    raise exception_class(message, screen, stacktrace)
selenium.common.exceptions.NoSuchElementException: Message: no such element: Unable to locate element: {"method":"xpath","selector":".//div[@class='jobs-easy-apply-content']"}
  (Session info: MicrosoftEdge=126.0.2592.87); For documentation on this error, please visit: https://www.selenium.dev/documentation/webdriver/troubleshooting/errors#no-such-element-exception
Stacktrace:
	GetHandleVerifier [0x00007FF696578132+13538]
	Microsoft::Applications::Events::EventProperty::~EventProperty [0x00007FF696501DE9+595465]
	(No symbol) [0x00007FF69631E6CF]
	(No symbol) [0x00007FF696362960]
	(No symbol) [0x00007FF696362A1F]
	(No symbol) [0x00007FF69639D627]
	(No symbol) [0x00007FF69638203F]
	(No symbol) [0x00007FF696358147]
	(No symbol) [0x00007FF69639B1EE]
	(No symbol) [0x00007FF696381C63]
	(No symbol) [0x00007FF69635766E]
	(No symbol) [0x00007FF69635683C]
	(No symbol) [0x00007FF696357221]
	Microsoft::Applications::Events::EventProperty::to_string [0x00007FF6967396D4+1099860]
	Microsoft::Applications::Events::EventProperty::~EventProperty [0x00007FF69647D8FC+53532]
	Microsoft::Applications::Events::EventProperty::~EventProperty [0x00007FF696470E25+1605]
	Microsoft::Applications::Events::EventProperty::to_string [0x00007FF696738665+1095653]
	Microsoft::Applications::Events::ILogConfiguration::operator* [0x00007FF69650C961+27777]
	Microsoft::Applications::Events::ILogConfiguration::operator* [0x00007FF696506CE4+4100]
	Microsoft::Applications::Events::ILogConfiguration::operator* [0x00007FF696506E1B+4411]
	Microsoft::Applications::Events::EventProperty::~EventProperty [0x00007FF6964FCFA0+575424]
	BaseThreadInitThunk [0x00007FFEF550257D+29]
	RtlUserThreadStart [0x00007FFEF74EAF28+40]

2024-07-05 22:35:43,862 - error_logger - ERROR - EASY APPLY SECTION MISSING / END OF FORM REACHED
Traceback (most recent call last):
  File "C:\Users\localadmin\AppData\Local\Temp\ipykernel_7116\2012713138.py", line 38, in apply_job
    apply = driver.find_element("xpath" , ".//div[@class='jobs-easy-apply-content']")
            ^^^^^^^^^^^^^^^^^^^^^^^^^^^^^^^^^^^^^^^^^^^^^^^^^^^^^^^^^^^^^^^^^^^^^^^^^
  File "C:\Users\localadmin\AppData\Roaming\Python\Python311\site-packages\selenium\webdriver\remote\webdriver.py", line 741, in find_element
    return self.execute(Command.FIND_ELEMENT, {"using": by, "value": value})["value"]
           ^^^^^^^^^^^^^^^^^^^^^^^^^^^^^^^^^^^^^^^^^^^^^^^^^^^^^^^^^^^^^^^^^
  File "C:\Users\localadmin\AppData\Roaming\Python\Python311\site-packages\selenium\webdriver\remote\webdriver.py", line 347, in execute
    self.error_handler.check_response(response)
  File "C:\Users\localadmin\AppData\Roaming\Python\Python311\site-packages\selenium\webdriver\remote\errorhandler.py", line 229, in check_response
    raise exception_class(message, screen, stacktrace)
selenium.common.exceptions.NoSuchElementException: Message: no such element: Unable to locate element: {"method":"xpath","selector":".//div[@class='jobs-easy-apply-content']"}
  (Session info: MicrosoftEdge=126.0.2592.87); For documentation on this error, please visit: https://www.selenium.dev/documentation/webdriver/troubleshooting/errors#no-such-element-exception
Stacktrace:
	GetHandleVerifier [0x00007FF696578132+13538]
	Microsoft::Applications::Events::EventProperty::~EventProperty [0x00007FF696501DE9+595465]
	(No symbol) [0x00007FF69631E6CF]
	(No symbol) [0x00007FF696362960]
	(No symbol) [0x00007FF696362A1F]
	(No symbol) [0x00007FF69639D627]
	(No symbol) [0x00007FF69638203F]
	(No symbol) [0x00007FF696358147]
	(No symbol) [0x00007FF69639B1EE]
	(No symbol) [0x00007FF696381C63]
	(No symbol) [0x00007FF69635766E]
	(No symbol) [0x00007FF69635683C]
	(No symbol) [0x00007FF696357221]
	Microsoft::Applications::Events::EventProperty::to_string [0x00007FF6967396D4+1099860]
	Microsoft::Applications::Events::EventProperty::~EventProperty [0x00007FF69647D8FC+53532]
	Microsoft::Applications::Events::EventProperty::~EventProperty [0x00007FF696470E25+1605]
	Microsoft::Applications::Events::EventProperty::to_string [0x00007FF696738665+1095653]
	Microsoft::Applications::Events::ILogConfiguration::operator* [0x00007FF69650C961+27777]
	Microsoft::Applications::Events::ILogConfiguration::operator* [0x00007FF696506CE4+4100]
	Microsoft::Applications::Events::ILogConfiguration::operator* [0x00007FF696506E1B+4411]
	Microsoft::Applications::Events::EventProperty::~EventProperty [0x00007FF6964FCFA0+575424]
	BaseThreadInitThunk [0x00007FFEF550257D+29]
	RtlUserThreadStart [0x00007FFEF74EAF28+40]

2024-07-05 22:36:00,143 - error_logger - ERROR - ALREADY APPLIED TO THIS ROLE
Traceback (most recent call last):
  File "C:\Users\localadmin\AppData\Local\Temp\ipykernel_7116\35426763.py", line 11, in apply_job
    easy_apply_button = driver.find_element("xpath", ".//button[contains(@aria-label , 'Easy Apply to')]")
                        ^^^^^^^^^^^^^^^^^^^^^^^^^^^^^^^^^^^^^^^^^^^^^^^^^^^^^^^^^^^^^^^^^^^^^^^^^^^^^^^^^^
  File "C:\Users\localadmin\AppData\Roaming\Python\Python311\site-packages\selenium\webdriver\remote\webdriver.py", line 741, in find_element
    return self.execute(Command.FIND_ELEMENT, {"using": by, "value": value})["value"]
           ^^^^^^^^^^^^^^^^^^^^^^^^^^^^^^^^^^^^^^^^^^^^^^^^^^^^^^^^^^^^^^^^^
  File "C:\Users\localadmin\AppData\Roaming\Python\Python311\site-packages\selenium\webdriver\remote\webdriver.py", line 347, in execute
    self.error_handler.check_response(response)
  File "C:\Users\localadmin\AppData\Roaming\Python\Python311\site-packages\selenium\webdriver\remote\errorhandler.py", line 229, in check_response
    raise exception_class(message, screen, stacktrace)
selenium.common.exceptions.NoSuchElementException: Message: no such element: Unable to locate element: {"method":"xpath","selector":".//button[contains(@aria-label , 'Easy Apply to')]"}
  (Session info: MicrosoftEdge=126.0.2592.87); For documentation on this error, please visit: https://www.selenium.dev/documentation/webdriver/troubleshooting/errors#no-such-element-exception
Stacktrace:
	GetHandleVerifier [0x00007FF696578132+13538]
	Microsoft::Applications::Events::EventProperty::~EventProperty [0x00007FF696501DE9+595465]
	(No symbol) [0x00007FF69631E6CF]
	(No symbol) [0x00007FF696362960]
	(No symbol) [0x00007FF696362A1F]
	(No symbol) [0x00007FF69639D627]
	(No symbol) [0x00007FF69638203F]
	(No symbol) [0x00007FF696358147]
	(No symbol) [0x00007FF69639B1EE]
	(No symbol) [0x00007FF696381C63]
	(No symbol) [0x00007FF69635766E]
	(No symbol) [0x00007FF69635683C]
	(No symbol) [0x00007FF696357221]
	Microsoft::Applications::Events::EventProperty::to_string [0x00007FF6967396D4+1099860]
	Microsoft::Applications::Events::EventProperty::~EventProperty [0x00007FF69647D8FC+53532]
	Microsoft::Applications::Events::EventProperty::~EventProperty [0x00007FF696470E25+1605]
	Microsoft::Applications::Events::EventProperty::to_string [0x00007FF696738665+1095653]
	Microsoft::Applications::Events::ILogConfiguration::operator* [0x00007FF69650C961+27777]
	Microsoft::Applications::Events::ILogConfiguration::operator* [0x00007FF696506CE4+4100]
	Microsoft::Applications::Events::ILogConfiguration::operator* [0x00007FF696506E1B+4411]
	Microsoft::Applications::Events::EventProperty::~EventProperty [0x00007FF6964FCFA0+575424]
	BaseThreadInitThunk [0x00007FFEF550257D+29]
	RtlUserThreadStart [0x00007FFEF74EAF28+40]

2024-07-05 22:36:00,143 - error_logger - ERROR - ALREADY APPLIED TO THIS ROLE
Traceback (most recent call last):
  File "C:\Users\localadmin\AppData\Local\Temp\ipykernel_7116\35426763.py", line 11, in apply_job
    easy_apply_button = driver.find_element("xpath", ".//button[contains(@aria-label , 'Easy Apply to')]")
                        ^^^^^^^^^^^^^^^^^^^^^^^^^^^^^^^^^^^^^^^^^^^^^^^^^^^^^^^^^^^^^^^^^^^^^^^^^^^^^^^^^^
  File "C:\Users\localadmin\AppData\Roaming\Python\Python311\site-packages\selenium\webdriver\remote\webdriver.py", line 741, in find_element
    return self.execute(Command.FIND_ELEMENT, {"using": by, "value": value})["value"]
           ^^^^^^^^^^^^^^^^^^^^^^^^^^^^^^^^^^^^^^^^^^^^^^^^^^^^^^^^^^^^^^^^^
  File "C:\Users\localadmin\AppData\Roaming\Python\Python311\site-packages\selenium\webdriver\remote\webdriver.py", line 347, in execute
    self.error_handler.check_response(response)
  File "C:\Users\localadmin\AppData\Roaming\Python\Python311\site-packages\selenium\webdriver\remote\errorhandler.py", line 229, in check_response
    raise exception_class(message, screen, stacktrace)
selenium.common.exceptions.NoSuchElementException: Message: no such element: Unable to locate element: {"method":"xpath","selector":".//button[contains(@aria-label , 'Easy Apply to')]"}
  (Session info: MicrosoftEdge=126.0.2592.87); For documentation on this error, please visit: https://www.selenium.dev/documentation/webdriver/troubleshooting/errors#no-such-element-exception
Stacktrace:
	GetHandleVerifier [0x00007FF696578132+13538]
	Microsoft::Applications::Events::EventProperty::~EventProperty [0x00007FF696501DE9+595465]
	(No symbol) [0x00007FF69631E6CF]
	(No symbol) [0x00007FF696362960]
	(No symbol) [0x00007FF696362A1F]
	(No symbol) [0x00007FF69639D627]
	(No symbol) [0x00007FF69638203F]
	(No symbol) [0x00007FF696358147]
	(No symbol) [0x00007FF69639B1EE]
	(No symbol) [0x00007FF696381C63]
	(No symbol) [0x00007FF69635766E]
	(No symbol) [0x00007FF69635683C]
	(No symbol) [0x00007FF696357221]
	Microsoft::Applications::Events::EventProperty::to_string [0x00007FF6967396D4+1099860]
	Microsoft::Applications::Events::EventProperty::~EventProperty [0x00007FF69647D8FC+53532]
	Microsoft::Applications::Events::EventProperty::~EventProperty [0x00007FF696470E25+1605]
	Microsoft::Applications::Events::EventProperty::to_string [0x00007FF696738665+1095653]
	Microsoft::Applications::Events::ILogConfiguration::operator* [0x00007FF69650C961+27777]
	Microsoft::Applications::Events::ILogConfiguration::operator* [0x00007FF696506CE4+4100]
	Microsoft::Applications::Events::ILogConfiguration::operator* [0x00007FF696506E1B+4411]
	Microsoft::Applications::Events::EventProperty::~EventProperty [0x00007FF6964FCFA0+575424]
	BaseThreadInitThunk [0x00007FFEF550257D+29]
	RtlUserThreadStart [0x00007FFEF74EAF28+40]

2024-07-05 22:36:48,477 - error_logger - ERROR - FORM MISSING/ FORM NOT LOADED/ FIELDS NOT LOADED
Traceback (most recent call last):
  File "C:\Users\localadmin\AppData\Local\Temp\ipykernel_7116\35426763.py", line 57, in apply_job
    fields = form.find_elements("xpath" , "//div[contains(@class, 'jobs-easy-apply-form-section__grouping')]")
             ^^^^^^^^^^^^^^^^^^^^^^^^^^^^^^^^^^^^^^^^^^^^^^^^^^^^^^^^^^^^^^^^^^^^^^^^^^^^^^^^^^^^^^^^^^^^^^^^^
  File "C:\Users\localadmin\AppData\Roaming\Python\Python311\site-packages\selenium\webdriver\remote\webelement.py", line 439, in find_elements
    return self._execute(Command.FIND_CHILD_ELEMENTS, {"using": by, "value": value})["value"]
           ^^^^^^^^^^^^^^^^^^^^^^^^^^^^^^^^^^^^^^^^^^^^^^^^^^^^^^^^^^^^^^^^^^^^^^^^^
  File "C:\Users\localadmin\AppData\Roaming\Python\Python311\site-packages\selenium\webdriver\remote\webelement.py", line 395, in _execute
    return self._parent.execute(command, params)
           ^^^^^^^^^^^^^^^^^^^^^^^^^^^^^^^^^^^^^
  File "C:\Users\localadmin\AppData\Roaming\Python\Python311\site-packages\selenium\webdriver\remote\webdriver.py", line 347, in execute
    self.error_handler.check_response(response)
  File "C:\Users\localadmin\AppData\Roaming\Python\Python311\site-packages\selenium\webdriver\remote\errorhandler.py", line 229, in check_response
    raise exception_class(message, screen, stacktrace)
selenium.common.exceptions.StaleElementReferenceException: Message: stale element reference: stale element not found in the current frame
  (Session info: MicrosoftEdge=126.0.2592.87); For documentation on this error, please visit: https://www.selenium.dev/documentation/webdriver/troubleshooting/errors#stale-element-reference-exception
Stacktrace:
	GetHandleVerifier [0x00007FF696578132+13538]
	Microsoft::Applications::Events::EventProperty::~EventProperty [0x00007FF696501DE9+595465]
	(No symbol) [0x00007FF69631E6CF]
	(No symbol) [0x00007FF6963237C9]
	(No symbol) [0x00007FF6963256CB]
	(No symbol) [0x00007FF696325770]
	(No symbol) [0x00007FF696362516]
	(No symbol) [0x00007FF696362A1F]
	(No symbol) [0x00007FF69635854C]
	(No symbol) [0x00007FF69638203F]
	(No symbol) [0x00007FF696358147]
	(No symbol) [0x00007FF69635800D]
	(No symbol) [0x00007FF6963822E0]
	(No symbol) [0x00007FF696358147]
	(No symbol) [0x00007FF69639B1EE]
	(No symbol) [0x00007FF696381C63]
	(No symbol) [0x00007FF69635766E]
	(No symbol) [0x00007FF69635683C]
	(No symbol) [0x00007FF696357221]
	Microsoft::Applications::Events::EventProperty::to_string [0x00007FF6967396D4+1099860]
	Microsoft::Applications::Events::EventProperty::~EventProperty [0x00007FF69647D8FC+53532]
	Microsoft::Applications::Events::EventProperty::~EventProperty [0x00007FF696470E25+1605]
	Microsoft::Applications::Events::EventProperty::to_string [0x00007FF696738665+1095653]
	Microsoft::Applications::Events::ILogConfiguration::operator* [0x00007FF69650C961+27777]
	Microsoft::Applications::Events::ILogConfiguration::operator* [0x00007FF696506CE4+4100]
	Microsoft::Applications::Events::ILogConfiguration::operator* [0x00007FF696506E1B+4411]
	Microsoft::Applications::Events::EventProperty::~EventProperty [0x00007FF6964FCFA0+575424]
	BaseThreadInitThunk [0x00007FFEF550257D+29]
	RtlUserThreadStart [0x00007FFEF74EAF28+40]

2024-07-05 22:36:48,477 - error_logger - ERROR - FORM MISSING/ FORM NOT LOADED/ FIELDS NOT LOADED
Traceback (most recent call last):
  File "C:\Users\localadmin\AppData\Local\Temp\ipykernel_7116\35426763.py", line 57, in apply_job
    fields = form.find_elements("xpath" , "//div[contains(@class, 'jobs-easy-apply-form-section__grouping')]")
             ^^^^^^^^^^^^^^^^^^^^^^^^^^^^^^^^^^^^^^^^^^^^^^^^^^^^^^^^^^^^^^^^^^^^^^^^^^^^^^^^^^^^^^^^^^^^^^^^^
  File "C:\Users\localadmin\AppData\Roaming\Python\Python311\site-packages\selenium\webdriver\remote\webelement.py", line 439, in find_elements
    return self._execute(Command.FIND_CHILD_ELEMENTS, {"using": by, "value": value})["value"]
           ^^^^^^^^^^^^^^^^^^^^^^^^^^^^^^^^^^^^^^^^^^^^^^^^^^^^^^^^^^^^^^^^^^^^^^^^^
  File "C:\Users\localadmin\AppData\Roaming\Python\Python311\site-packages\selenium\webdriver\remote\webelement.py", line 395, in _execute
    return self._parent.execute(command, params)
           ^^^^^^^^^^^^^^^^^^^^^^^^^^^^^^^^^^^^^
  File "C:\Users\localadmin\AppData\Roaming\Python\Python311\site-packages\selenium\webdriver\remote\webdriver.py", line 347, in execute
    self.error_handler.check_response(response)
  File "C:\Users\localadmin\AppData\Roaming\Python\Python311\site-packages\selenium\webdriver\remote\errorhandler.py", line 229, in check_response
    raise exception_class(message, screen, stacktrace)
selenium.common.exceptions.StaleElementReferenceException: Message: stale element reference: stale element not found in the current frame
  (Session info: MicrosoftEdge=126.0.2592.87); For documentation on this error, please visit: https://www.selenium.dev/documentation/webdriver/troubleshooting/errors#stale-element-reference-exception
Stacktrace:
	GetHandleVerifier [0x00007FF696578132+13538]
	Microsoft::Applications::Events::EventProperty::~EventProperty [0x00007FF696501DE9+595465]
	(No symbol) [0x00007FF69631E6CF]
	(No symbol) [0x00007FF6963237C9]
	(No symbol) [0x00007FF6963256CB]
	(No symbol) [0x00007FF696325770]
	(No symbol) [0x00007FF696362516]
	(No symbol) [0x00007FF696362A1F]
	(No symbol) [0x00007FF69635854C]
	(No symbol) [0x00007FF69638203F]
	(No symbol) [0x00007FF696358147]
	(No symbol) [0x00007FF69635800D]
	(No symbol) [0x00007FF6963822E0]
	(No symbol) [0x00007FF696358147]
	(No symbol) [0x00007FF69639B1EE]
	(No symbol) [0x00007FF696381C63]
	(No symbol) [0x00007FF69635766E]
	(No symbol) [0x00007FF69635683C]
	(No symbol) [0x00007FF696357221]
	Microsoft::Applications::Events::EventProperty::to_string [0x00007FF6967396D4+1099860]
	Microsoft::Applications::Events::EventProperty::~EventProperty [0x00007FF69647D8FC+53532]
	Microsoft::Applications::Events::EventProperty::~EventProperty [0x00007FF696470E25+1605]
	Microsoft::Applications::Events::EventProperty::to_string [0x00007FF696738665+1095653]
	Microsoft::Applications::Events::ILogConfiguration::operator* [0x00007FF69650C961+27777]
	Microsoft::Applications::Events::ILogConfiguration::operator* [0x00007FF696506CE4+4100]
	Microsoft::Applications::Events::ILogConfiguration::operator* [0x00007FF696506E1B+4411]
	Microsoft::Applications::Events::EventProperty::~EventProperty [0x00007FF6964FCFA0+575424]
	BaseThreadInitThunk [0x00007FFEF550257D+29]
	RtlUserThreadStart [0x00007FFEF74EAF28+40]

2024-07-05 22:36:48,485 - error_logger - ERROR - FAILED TO FIND NEXT/SUBMIT BUTTON ON THE FORM
Traceback (most recent call last):
  File "C:\Users\localadmin\AppData\Local\Temp\ipykernel_7116\83051504.py", line 71, in find_next
    button = form.find_element("xpath" , ".//button[@aria-label = 'Continue to next step' or @aria-label = 'Review your application']")
             ^^^^^^^^^^^^^^^^^^^^^^^^^^^^^^^^^^^^^^^^^^^^^^^^^^^^^^^^^^^^^^^^^^^^^^^^^^^^^^^^^^^^^^^^^^^^^^^^^^^^^^^^^^^^^^^^^^^^^^^^^^
  File "C:\Users\localadmin\AppData\Roaming\Python\Python311\site-packages\selenium\webdriver\remote\webelement.py", line 417, in find_element
    return self._execute(Command.FIND_CHILD_ELEMENT, {"using": by, "value": value})["value"]
           ^^^^^^^^^^^^^^^^^^^^^^^^^^^^^^^^^^^^^^^^^^^^^^^^^^^^^^^^^^^^^^^^^^^^^^^^
  File "C:\Users\localadmin\AppData\Roaming\Python\Python311\site-packages\selenium\webdriver\remote\webelement.py", line 395, in _execute
    return self._parent.execute(command, params)
           ^^^^^^^^^^^^^^^^^^^^^^^^^^^^^^^^^^^^^
  File "C:\Users\localadmin\AppData\Roaming\Python\Python311\site-packages\selenium\webdriver\remote\webdriver.py", line 347, in execute
    self.error_handler.check_response(response)
  File "C:\Users\localadmin\AppData\Roaming\Python\Python311\site-packages\selenium\webdriver\remote\errorhandler.py", line 229, in check_response
    raise exception_class(message, screen, stacktrace)
selenium.common.exceptions.StaleElementReferenceException: Message: stale element reference: stale element not found in the current frame
  (Session info: MicrosoftEdge=126.0.2592.87); For documentation on this error, please visit: https://www.selenium.dev/documentation/webdriver/troubleshooting/errors#stale-element-reference-exception
Stacktrace:
	GetHandleVerifier [0x00007FF696578132+13538]
	Microsoft::Applications::Events::EventProperty::~EventProperty [0x00007FF696501DE9+595465]
	(No symbol) [0x00007FF69631E6CF]
	(No symbol) [0x00007FF6963237C9]
	(No symbol) [0x00007FF6963256CB]
	(No symbol) [0x00007FF696325770]
	(No symbol) [0x00007FF696362516]
	(No symbol) [0x00007FF696362A1F]
	(No symbol) [0x00007FF69635819C]
	(No symbol) [0x00007FF69638203F]
	(No symbol) [0x00007FF696358147]
	(No symbol) [0x00007FF69635800D]
	(No symbol) [0x00007FF6963822E0]
	(No symbol) [0x00007FF696358147]
	(No symbol) [0x00007FF69639B1EE]
	(No symbol) [0x00007FF696381C63]
	(No symbol) [0x00007FF69635766E]
	(No symbol) [0x00007FF69635683C]
	(No symbol) [0x00007FF696357221]
	Microsoft::Applications::Events::EventProperty::to_string [0x00007FF6967396D4+1099860]
	Microsoft::Applications::Events::EventProperty::~EventProperty [0x00007FF69647D8FC+53532]
	Microsoft::Applications::Events::EventProperty::~EventProperty [0x00007FF696470E25+1605]
	Microsoft::Applications::Events::EventProperty::to_string [0x00007FF696738665+1095653]
	Microsoft::Applications::Events::ILogConfiguration::operator* [0x00007FF69650C961+27777]
	Microsoft::Applications::Events::ILogConfiguration::operator* [0x00007FF696506CE4+4100]
	Microsoft::Applications::Events::ILogConfiguration::operator* [0x00007FF696506E1B+4411]
	Microsoft::Applications::Events::EventProperty::~EventProperty [0x00007FF6964FCFA0+575424]
	BaseThreadInitThunk [0x00007FFEF550257D+29]
	RtlUserThreadStart [0x00007FFEF74EAF28+40]

2024-07-05 22:36:48,485 - error_logger - ERROR - FAILED TO FIND NEXT/SUBMIT BUTTON ON THE FORM
Traceback (most recent call last):
  File "C:\Users\localadmin\AppData\Local\Temp\ipykernel_7116\83051504.py", line 71, in find_next
    button = form.find_element("xpath" , ".//button[@aria-label = 'Continue to next step' or @aria-label = 'Review your application']")
             ^^^^^^^^^^^^^^^^^^^^^^^^^^^^^^^^^^^^^^^^^^^^^^^^^^^^^^^^^^^^^^^^^^^^^^^^^^^^^^^^^^^^^^^^^^^^^^^^^^^^^^^^^^^^^^^^^^^^^^^^^^
  File "C:\Users\localadmin\AppData\Roaming\Python\Python311\site-packages\selenium\webdriver\remote\webelement.py", line 417, in find_element
    return self._execute(Command.FIND_CHILD_ELEMENT, {"using": by, "value": value})["value"]
           ^^^^^^^^^^^^^^^^^^^^^^^^^^^^^^^^^^^^^^^^^^^^^^^^^^^^^^^^^^^^^^^^^^^^^^^^
  File "C:\Users\localadmin\AppData\Roaming\Python\Python311\site-packages\selenium\webdriver\remote\webelement.py", line 395, in _execute
    return self._parent.execute(command, params)
           ^^^^^^^^^^^^^^^^^^^^^^^^^^^^^^^^^^^^^
  File "C:\Users\localadmin\AppData\Roaming\Python\Python311\site-packages\selenium\webdriver\remote\webdriver.py", line 347, in execute
    self.error_handler.check_response(response)
  File "C:\Users\localadmin\AppData\Roaming\Python\Python311\site-packages\selenium\webdriver\remote\errorhandler.py", line 229, in check_response
    raise exception_class(message, screen, stacktrace)
selenium.common.exceptions.StaleElementReferenceException: Message: stale element reference: stale element not found in the current frame
  (Session info: MicrosoftEdge=126.0.2592.87); For documentation on this error, please visit: https://www.selenium.dev/documentation/webdriver/troubleshooting/errors#stale-element-reference-exception
Stacktrace:
	GetHandleVerifier [0x00007FF696578132+13538]
	Microsoft::Applications::Events::EventProperty::~EventProperty [0x00007FF696501DE9+595465]
	(No symbol) [0x00007FF69631E6CF]
	(No symbol) [0x00007FF6963237C9]
	(No symbol) [0x00007FF6963256CB]
	(No symbol) [0x00007FF696325770]
	(No symbol) [0x00007FF696362516]
	(No symbol) [0x00007FF696362A1F]
	(No symbol) [0x00007FF69635819C]
	(No symbol) [0x00007FF69638203F]
	(No symbol) [0x00007FF696358147]
	(No symbol) [0x00007FF69635800D]
	(No symbol) [0x00007FF6963822E0]
	(No symbol) [0x00007FF696358147]
	(No symbol) [0x00007FF69639B1EE]
	(No symbol) [0x00007FF696381C63]
	(No symbol) [0x00007FF69635766E]
	(No symbol) [0x00007FF69635683C]
	(No symbol) [0x00007FF696357221]
	Microsoft::Applications::Events::EventProperty::to_string [0x00007FF6967396D4+1099860]
	Microsoft::Applications::Events::EventProperty::~EventProperty [0x00007FF69647D8FC+53532]
	Microsoft::Applications::Events::EventProperty::~EventProperty [0x00007FF696470E25+1605]
	Microsoft::Applications::Events::EventProperty::to_string [0x00007FF696738665+1095653]
	Microsoft::Applications::Events::ILogConfiguration::operator* [0x00007FF69650C961+27777]
	Microsoft::Applications::Events::ILogConfiguration::operator* [0x00007FF696506CE4+4100]
	Microsoft::Applications::Events::ILogConfiguration::operator* [0x00007FF696506E1B+4411]
	Microsoft::Applications::Events::EventProperty::~EventProperty [0x00007FF6964FCFA0+575424]
	BaseThreadInitThunk [0x00007FFEF550257D+29]
	RtlUserThreadStart [0x00007FFEF74EAF28+40]

2024-07-05 22:36:54,542 - error_logger - ERROR - EASY APPLY SECTION MISSING
Traceback (most recent call last):
  File "C:\Users\localadmin\AppData\Local\Temp\ipykernel_7116\35426763.py", line 34, in apply_job
    apply = driver.find_element("xpath" , ".//div[@class='jobs-easy-apply-content']")
            ^^^^^^^^^^^^^^^^^^^^^^^^^^^^^^^^^^^^^^^^^^^^^^^^^^^^^^^^^^^^^^^^^^^^^^^^^
  File "C:\Users\localadmin\AppData\Roaming\Python\Python311\site-packages\selenium\webdriver\remote\webdriver.py", line 741, in find_element
    return self.execute(Command.FIND_ELEMENT, {"using": by, "value": value})["value"]
           ^^^^^^^^^^^^^^^^^^^^^^^^^^^^^^^^^^^^^^^^^^^^^^^^^^^^^^^^^^^^^^^^^
  File "C:\Users\localadmin\AppData\Roaming\Python\Python311\site-packages\selenium\webdriver\remote\webdriver.py", line 347, in execute
    self.error_handler.check_response(response)
  File "C:\Users\localadmin\AppData\Roaming\Python\Python311\site-packages\selenium\webdriver\remote\errorhandler.py", line 229, in check_response
    raise exception_class(message, screen, stacktrace)
selenium.common.exceptions.NoSuchElementException: Message: no such element: Unable to locate element: {"method":"xpath","selector":".//div[@class='jobs-easy-apply-content']"}
  (Session info: MicrosoftEdge=126.0.2592.87); For documentation on this error, please visit: https://www.selenium.dev/documentation/webdriver/troubleshooting/errors#no-such-element-exception
Stacktrace:
	GetHandleVerifier [0x00007FF696578132+13538]
	Microsoft::Applications::Events::EventProperty::~EventProperty [0x00007FF696501DE9+595465]
	(No symbol) [0x00007FF69631E6CF]
	(No symbol) [0x00007FF696362960]
	(No symbol) [0x00007FF696362A1F]
	(No symbol) [0x00007FF69639D627]
	(No symbol) [0x00007FF69638203F]
	(No symbol) [0x00007FF696358147]
	(No symbol) [0x00007FF69639B1EE]
	(No symbol) [0x00007FF696381C63]
	(No symbol) [0x00007FF69635766E]
	(No symbol) [0x00007FF69635683C]
	(No symbol) [0x00007FF696357221]
	Microsoft::Applications::Events::EventProperty::to_string [0x00007FF6967396D4+1099860]
	Microsoft::Applications::Events::EventProperty::~EventProperty [0x00007FF69647D8FC+53532]
	Microsoft::Applications::Events::EventProperty::~EventProperty [0x00007FF696470E25+1605]
	Microsoft::Applications::Events::EventProperty::to_string [0x00007FF696738665+1095653]
	Microsoft::Applications::Events::ILogConfiguration::operator* [0x00007FF69650C961+27777]
	Microsoft::Applications::Events::ILogConfiguration::operator* [0x00007FF696506CE4+4100]
	Microsoft::Applications::Events::ILogConfiguration::operator* [0x00007FF696506E1B+4411]
	Microsoft::Applications::Events::EventProperty::~EventProperty [0x00007FF6964FCFA0+575424]
	BaseThreadInitThunk [0x00007FFEF550257D+29]
	RtlUserThreadStart [0x00007FFEF74EAF28+40]

2024-07-05 22:36:54,542 - error_logger - ERROR - EASY APPLY SECTION MISSING
Traceback (most recent call last):
  File "C:\Users\localadmin\AppData\Local\Temp\ipykernel_7116\35426763.py", line 34, in apply_job
    apply = driver.find_element("xpath" , ".//div[@class='jobs-easy-apply-content']")
            ^^^^^^^^^^^^^^^^^^^^^^^^^^^^^^^^^^^^^^^^^^^^^^^^^^^^^^^^^^^^^^^^^^^^^^^^^
  File "C:\Users\localadmin\AppData\Roaming\Python\Python311\site-packages\selenium\webdriver\remote\webdriver.py", line 741, in find_element
    return self.execute(Command.FIND_ELEMENT, {"using": by, "value": value})["value"]
           ^^^^^^^^^^^^^^^^^^^^^^^^^^^^^^^^^^^^^^^^^^^^^^^^^^^^^^^^^^^^^^^^^
  File "C:\Users\localadmin\AppData\Roaming\Python\Python311\site-packages\selenium\webdriver\remote\webdriver.py", line 347, in execute
    self.error_handler.check_response(response)
  File "C:\Users\localadmin\AppData\Roaming\Python\Python311\site-packages\selenium\webdriver\remote\errorhandler.py", line 229, in check_response
    raise exception_class(message, screen, stacktrace)
selenium.common.exceptions.NoSuchElementException: Message: no such element: Unable to locate element: {"method":"xpath","selector":".//div[@class='jobs-easy-apply-content']"}
  (Session info: MicrosoftEdge=126.0.2592.87); For documentation on this error, please visit: https://www.selenium.dev/documentation/webdriver/troubleshooting/errors#no-such-element-exception
Stacktrace:
	GetHandleVerifier [0x00007FF696578132+13538]
	Microsoft::Applications::Events::EventProperty::~EventProperty [0x00007FF696501DE9+595465]
	(No symbol) [0x00007FF69631E6CF]
	(No symbol) [0x00007FF696362960]
	(No symbol) [0x00007FF696362A1F]
	(No symbol) [0x00007FF69639D627]
	(No symbol) [0x00007FF69638203F]
	(No symbol) [0x00007FF696358147]
	(No symbol) [0x00007FF69639B1EE]
	(No symbol) [0x00007FF696381C63]
	(No symbol) [0x00007FF69635766E]
	(No symbol) [0x00007FF69635683C]
	(No symbol) [0x00007FF696357221]
	Microsoft::Applications::Events::EventProperty::to_string [0x00007FF6967396D4+1099860]
	Microsoft::Applications::Events::EventProperty::~EventProperty [0x00007FF69647D8FC+53532]
	Microsoft::Applications::Events::EventProperty::~EventProperty [0x00007FF696470E25+1605]
	Microsoft::Applications::Events::EventProperty::to_string [0x00007FF696738665+1095653]
	Microsoft::Applications::Events::ILogConfiguration::operator* [0x00007FF69650C961+27777]
	Microsoft::Applications::Events::ILogConfiguration::operator* [0x00007FF696506CE4+4100]
	Microsoft::Applications::Events::ILogConfiguration::operator* [0x00007FF696506E1B+4411]
	Microsoft::Applications::Events::EventProperty::~EventProperty [0x00007FF6964FCFA0+575424]
	BaseThreadInitThunk [0x00007FFEF550257D+29]
	RtlUserThreadStart [0x00007FFEF74EAF28+40]

2024-07-05 22:36:54,553 - error_logger - ERROR - FORM MISSING
Traceback (most recent call last):
  File "C:\Users\localadmin\AppData\Local\Temp\ipykernel_7116\35426763.py", line 39, in apply_job
    form = apply.find_element("xpath", ".//form")
           ^^^^^^^^^^^^^^^^^^^^^^^^^^^^^^^^^^^^^^
  File "C:\Users\localadmin\AppData\Roaming\Python\Python311\site-packages\selenium\webdriver\remote\webelement.py", line 417, in find_element
    return self._execute(Command.FIND_CHILD_ELEMENT, {"using": by, "value": value})["value"]
           ^^^^^^^^^^^^^^^^^^^^^^^^^^^^^^^^^^^^^^^^^^^^^^^^^^^^^^^^^^^^^^^^^^^^^^^^
  File "C:\Users\localadmin\AppData\Roaming\Python\Python311\site-packages\selenium\webdriver\remote\webelement.py", line 395, in _execute
    return self._parent.execute(command, params)
           ^^^^^^^^^^^^^^^^^^^^^^^^^^^^^^^^^^^^^
  File "C:\Users\localadmin\AppData\Roaming\Python\Python311\site-packages\selenium\webdriver\remote\webdriver.py", line 347, in execute
    self.error_handler.check_response(response)
  File "C:\Users\localadmin\AppData\Roaming\Python\Python311\site-packages\selenium\webdriver\remote\errorhandler.py", line 229, in check_response
    raise exception_class(message, screen, stacktrace)
selenium.common.exceptions.StaleElementReferenceException: Message: stale element reference: stale element not found in the current frame
  (Session info: MicrosoftEdge=126.0.2592.87); For documentation on this error, please visit: https://www.selenium.dev/documentation/webdriver/troubleshooting/errors#stale-element-reference-exception
Stacktrace:
	GetHandleVerifier [0x00007FF696578132+13538]
	Microsoft::Applications::Events::EventProperty::~EventProperty [0x00007FF696501DE9+595465]
	(No symbol) [0x00007FF69631E6CF]
	(No symbol) [0x00007FF6963237C9]
	(No symbol) [0x00007FF6963256CB]
	(No symbol) [0x00007FF696325770]
	(No symbol) [0x00007FF696362516]
	(No symbol) [0x00007FF696362A1F]
	(No symbol) [0x00007FF69635819C]
	(No symbol) [0x00007FF69638203F]
	(No symbol) [0x00007FF696358147]
	(No symbol) [0x00007FF69635800D]
	(No symbol) [0x00007FF6963822E0]
	(No symbol) [0x00007FF696358147]
	(No symbol) [0x00007FF69639B1EE]
	(No symbol) [0x00007FF696381C63]
	(No symbol) [0x00007FF69635766E]
	(No symbol) [0x00007FF69635683C]
	(No symbol) [0x00007FF696357221]
	Microsoft::Applications::Events::EventProperty::to_string [0x00007FF6967396D4+1099860]
	Microsoft::Applications::Events::EventProperty::~EventProperty [0x00007FF69647D8FC+53532]
	Microsoft::Applications::Events::EventProperty::~EventProperty [0x00007FF696470E25+1605]
	Microsoft::Applications::Events::EventProperty::to_string [0x00007FF696738665+1095653]
	Microsoft::Applications::Events::ILogConfiguration::operator* [0x00007FF69650C961+27777]
	Microsoft::Applications::Events::ILogConfiguration::operator* [0x00007FF696506CE4+4100]
	Microsoft::Applications::Events::ILogConfiguration::operator* [0x00007FF696506E1B+4411]
	Microsoft::Applications::Events::EventProperty::~EventProperty [0x00007FF6964FCFA0+575424]
	BaseThreadInitThunk [0x00007FFEF550257D+29]
	RtlUserThreadStart [0x00007FFEF74EAF28+40]

2024-07-05 22:36:54,553 - error_logger - ERROR - FORM MISSING
Traceback (most recent call last):
  File "C:\Users\localadmin\AppData\Local\Temp\ipykernel_7116\35426763.py", line 39, in apply_job
    form = apply.find_element("xpath", ".//form")
           ^^^^^^^^^^^^^^^^^^^^^^^^^^^^^^^^^^^^^^
  File "C:\Users\localadmin\AppData\Roaming\Python\Python311\site-packages\selenium\webdriver\remote\webelement.py", line 417, in find_element
    return self._execute(Command.FIND_CHILD_ELEMENT, {"using": by, "value": value})["value"]
           ^^^^^^^^^^^^^^^^^^^^^^^^^^^^^^^^^^^^^^^^^^^^^^^^^^^^^^^^^^^^^^^^^^^^^^^^
  File "C:\Users\localadmin\AppData\Roaming\Python\Python311\site-packages\selenium\webdriver\remote\webelement.py", line 395, in _execute
    return self._parent.execute(command, params)
           ^^^^^^^^^^^^^^^^^^^^^^^^^^^^^^^^^^^^^
  File "C:\Users\localadmin\AppData\Roaming\Python\Python311\site-packages\selenium\webdriver\remote\webdriver.py", line 347, in execute
    self.error_handler.check_response(response)
  File "C:\Users\localadmin\AppData\Roaming\Python\Python311\site-packages\selenium\webdriver\remote\errorhandler.py", line 229, in check_response
    raise exception_class(message, screen, stacktrace)
selenium.common.exceptions.StaleElementReferenceException: Message: stale element reference: stale element not found in the current frame
  (Session info: MicrosoftEdge=126.0.2592.87); For documentation on this error, please visit: https://www.selenium.dev/documentation/webdriver/troubleshooting/errors#stale-element-reference-exception
Stacktrace:
	GetHandleVerifier [0x00007FF696578132+13538]
	Microsoft::Applications::Events::EventProperty::~EventProperty [0x00007FF696501DE9+595465]
	(No symbol) [0x00007FF69631E6CF]
	(No symbol) [0x00007FF6963237C9]
	(No symbol) [0x00007FF6963256CB]
	(No symbol) [0x00007FF696325770]
	(No symbol) [0x00007FF696362516]
	(No symbol) [0x00007FF696362A1F]
	(No symbol) [0x00007FF69635819C]
	(No symbol) [0x00007FF69638203F]
	(No symbol) [0x00007FF696358147]
	(No symbol) [0x00007FF69635800D]
	(No symbol) [0x00007FF6963822E0]
	(No symbol) [0x00007FF696358147]
	(No symbol) [0x00007FF69639B1EE]
	(No symbol) [0x00007FF696381C63]
	(No symbol) [0x00007FF69635766E]
	(No symbol) [0x00007FF69635683C]
	(No symbol) [0x00007FF696357221]
	Microsoft::Applications::Events::EventProperty::to_string [0x00007FF6967396D4+1099860]
	Microsoft::Applications::Events::EventProperty::~EventProperty [0x00007FF69647D8FC+53532]
	Microsoft::Applications::Events::EventProperty::~EventProperty [0x00007FF696470E25+1605]
	Microsoft::Applications::Events::EventProperty::to_string [0x00007FF696738665+1095653]
	Microsoft::Applications::Events::ILogConfiguration::operator* [0x00007FF69650C961+27777]
	Microsoft::Applications::Events::ILogConfiguration::operator* [0x00007FF696506CE4+4100]
	Microsoft::Applications::Events::ILogConfiguration::operator* [0x00007FF696506E1B+4411]
	Microsoft::Applications::Events::EventProperty::~EventProperty [0x00007FF6964FCFA0+575424]
	BaseThreadInitThunk [0x00007FFEF550257D+29]
	RtlUserThreadStart [0x00007FFEF74EAF28+40]

2024-07-05 22:36:54,562 - error_logger - ERROR - FORM MISSING/ FORM NOT LOADED/ FIELDS NOT LOADED
Traceback (most recent call last):
  File "C:\Users\localadmin\AppData\Local\Temp\ipykernel_7116\35426763.py", line 57, in apply_job
    fields = form.find_elements("xpath" , "//div[contains(@class, 'jobs-easy-apply-form-section__grouping')]")
             ^^^^^^^^^^^^^^^^^^^^^^^^^^^^^^^^^^^^^^^^^^^^^^^^^^^^^^^^^^^^^^^^^^^^^^^^^^^^^^^^^^^^^^^^^^^^^^^^^
  File "C:\Users\localadmin\AppData\Roaming\Python\Python311\site-packages\selenium\webdriver\remote\webelement.py", line 439, in find_elements
    return self._execute(Command.FIND_CHILD_ELEMENTS, {"using": by, "value": value})["value"]
           ^^^^^^^^^^^^^^^^^^^^^^^^^^^^^^^^^^^^^^^^^^^^^^^^^^^^^^^^^^^^^^^^^^^^^^^^^
  File "C:\Users\localadmin\AppData\Roaming\Python\Python311\site-packages\selenium\webdriver\remote\webelement.py", line 395, in _execute
    return self._parent.execute(command, params)
           ^^^^^^^^^^^^^^^^^^^^^^^^^^^^^^^^^^^^^
  File "C:\Users\localadmin\AppData\Roaming\Python\Python311\site-packages\selenium\webdriver\remote\webdriver.py", line 347, in execute
    self.error_handler.check_response(response)
  File "C:\Users\localadmin\AppData\Roaming\Python\Python311\site-packages\selenium\webdriver\remote\errorhandler.py", line 229, in check_response
    raise exception_class(message, screen, stacktrace)
selenium.common.exceptions.StaleElementReferenceException: Message: stale element reference: stale element not found in the current frame
  (Session info: MicrosoftEdge=126.0.2592.87); For documentation on this error, please visit: https://www.selenium.dev/documentation/webdriver/troubleshooting/errors#stale-element-reference-exception
Stacktrace:
	GetHandleVerifier [0x00007FF696578132+13538]
	Microsoft::Applications::Events::EventProperty::~EventProperty [0x00007FF696501DE9+595465]
	(No symbol) [0x00007FF69631E6CF]
	(No symbol) [0x00007FF6963237C9]
	(No symbol) [0x00007FF6963256CB]
	(No symbol) [0x00007FF696325770]
	(No symbol) [0x00007FF696362516]
	(No symbol) [0x00007FF696362A1F]
	(No symbol) [0x00007FF69635854C]
	(No symbol) [0x00007FF69638203F]
	(No symbol) [0x00007FF696358147]
	(No symbol) [0x00007FF69635800D]
	(No symbol) [0x00007FF6963822E0]
	(No symbol) [0x00007FF696358147]
	(No symbol) [0x00007FF69639B1EE]
	(No symbol) [0x00007FF696381C63]
	(No symbol) [0x00007FF69635766E]
	(No symbol) [0x00007FF69635683C]
	(No symbol) [0x00007FF696357221]
	Microsoft::Applications::Events::EventProperty::to_string [0x00007FF6967396D4+1099860]
	Microsoft::Applications::Events::EventProperty::~EventProperty [0x00007FF69647D8FC+53532]
	Microsoft::Applications::Events::EventProperty::~EventProperty [0x00007FF696470E25+1605]
	Microsoft::Applications::Events::EventProperty::to_string [0x00007FF696738665+1095653]
	Microsoft::Applications::Events::ILogConfiguration::operator* [0x00007FF69650C961+27777]
	Microsoft::Applications::Events::ILogConfiguration::operator* [0x00007FF696506CE4+4100]
	Microsoft::Applications::Events::ILogConfiguration::operator* [0x00007FF696506E1B+4411]
	Microsoft::Applications::Events::EventProperty::~EventProperty [0x00007FF6964FCFA0+575424]
	BaseThreadInitThunk [0x00007FFEF550257D+29]
	RtlUserThreadStart [0x00007FFEF74EAF28+40]

2024-07-05 22:36:54,562 - error_logger - ERROR - FORM MISSING/ FORM NOT LOADED/ FIELDS NOT LOADED
Traceback (most recent call last):
  File "C:\Users\localadmin\AppData\Local\Temp\ipykernel_7116\35426763.py", line 57, in apply_job
    fields = form.find_elements("xpath" , "//div[contains(@class, 'jobs-easy-apply-form-section__grouping')]")
             ^^^^^^^^^^^^^^^^^^^^^^^^^^^^^^^^^^^^^^^^^^^^^^^^^^^^^^^^^^^^^^^^^^^^^^^^^^^^^^^^^^^^^^^^^^^^^^^^^
  File "C:\Users\localadmin\AppData\Roaming\Python\Python311\site-packages\selenium\webdriver\remote\webelement.py", line 439, in find_elements
    return self._execute(Command.FIND_CHILD_ELEMENTS, {"using": by, "value": value})["value"]
           ^^^^^^^^^^^^^^^^^^^^^^^^^^^^^^^^^^^^^^^^^^^^^^^^^^^^^^^^^^^^^^^^^^^^^^^^^
  File "C:\Users\localadmin\AppData\Roaming\Python\Python311\site-packages\selenium\webdriver\remote\webelement.py", line 395, in _execute
    return self._parent.execute(command, params)
           ^^^^^^^^^^^^^^^^^^^^^^^^^^^^^^^^^^^^^
  File "C:\Users\localadmin\AppData\Roaming\Python\Python311\site-packages\selenium\webdriver\remote\webdriver.py", line 347, in execute
    self.error_handler.check_response(response)
  File "C:\Users\localadmin\AppData\Roaming\Python\Python311\site-packages\selenium\webdriver\remote\errorhandler.py", line 229, in check_response
    raise exception_class(message, screen, stacktrace)
selenium.common.exceptions.StaleElementReferenceException: Message: stale element reference: stale element not found in the current frame
  (Session info: MicrosoftEdge=126.0.2592.87); For documentation on this error, please visit: https://www.selenium.dev/documentation/webdriver/troubleshooting/errors#stale-element-reference-exception
Stacktrace:
	GetHandleVerifier [0x00007FF696578132+13538]
	Microsoft::Applications::Events::EventProperty::~EventProperty [0x00007FF696501DE9+595465]
	(No symbol) [0x00007FF69631E6CF]
	(No symbol) [0x00007FF6963237C9]
	(No symbol) [0x00007FF6963256CB]
	(No symbol) [0x00007FF696325770]
	(No symbol) [0x00007FF696362516]
	(No symbol) [0x00007FF696362A1F]
	(No symbol) [0x00007FF69635854C]
	(No symbol) [0x00007FF69638203F]
	(No symbol) [0x00007FF696358147]
	(No symbol) [0x00007FF69635800D]
	(No symbol) [0x00007FF6963822E0]
	(No symbol) [0x00007FF696358147]
	(No symbol) [0x00007FF69639B1EE]
	(No symbol) [0x00007FF696381C63]
	(No symbol) [0x00007FF69635766E]
	(No symbol) [0x00007FF69635683C]
	(No symbol) [0x00007FF696357221]
	Microsoft::Applications::Events::EventProperty::to_string [0x00007FF6967396D4+1099860]
	Microsoft::Applications::Events::EventProperty::~EventProperty [0x00007FF69647D8FC+53532]
	Microsoft::Applications::Events::EventProperty::~EventProperty [0x00007FF696470E25+1605]
	Microsoft::Applications::Events::EventProperty::to_string [0x00007FF696738665+1095653]
	Microsoft::Applications::Events::ILogConfiguration::operator* [0x00007FF69650C961+27777]
	Microsoft::Applications::Events::ILogConfiguration::operator* [0x00007FF696506CE4+4100]
	Microsoft::Applications::Events::ILogConfiguration::operator* [0x00007FF696506E1B+4411]
	Microsoft::Applications::Events::EventProperty::~EventProperty [0x00007FF6964FCFA0+575424]
	BaseThreadInitThunk [0x00007FFEF550257D+29]
	RtlUserThreadStart [0x00007FFEF74EAF28+40]

2024-07-05 22:36:54,570 - error_logger - ERROR - FAILED TO FIND NEXT/SUBMIT BUTTON ON THE FORM
Traceback (most recent call last):
  File "C:\Users\localadmin\AppData\Local\Temp\ipykernel_7116\83051504.py", line 71, in find_next
    button = form.find_element("xpath" , ".//button[@aria-label = 'Continue to next step' or @aria-label = 'Review your application']")
             ^^^^^^^^^^^^^^^^^^^^^^^^^^^^^^^^^^^^^^^^^^^^^^^^^^^^^^^^^^^^^^^^^^^^^^^^^^^^^^^^^^^^^^^^^^^^^^^^^^^^^^^^^^^^^^^^^^^^^^^^^^
  File "C:\Users\localadmin\AppData\Roaming\Python\Python311\site-packages\selenium\webdriver\remote\webelement.py", line 417, in find_element
    return self._execute(Command.FIND_CHILD_ELEMENT, {"using": by, "value": value})["value"]
           ^^^^^^^^^^^^^^^^^^^^^^^^^^^^^^^^^^^^^^^^^^^^^^^^^^^^^^^^^^^^^^^^^^^^^^^^
  File "C:\Users\localadmin\AppData\Roaming\Python\Python311\site-packages\selenium\webdriver\remote\webelement.py", line 395, in _execute
    return self._parent.execute(command, params)
           ^^^^^^^^^^^^^^^^^^^^^^^^^^^^^^^^^^^^^
  File "C:\Users\localadmin\AppData\Roaming\Python\Python311\site-packages\selenium\webdriver\remote\webdriver.py", line 347, in execute
    self.error_handler.check_response(response)
  File "C:\Users\localadmin\AppData\Roaming\Python\Python311\site-packages\selenium\webdriver\remote\errorhandler.py", line 229, in check_response
    raise exception_class(message, screen, stacktrace)
selenium.common.exceptions.StaleElementReferenceException: Message: stale element reference: stale element not found in the current frame
  (Session info: MicrosoftEdge=126.0.2592.87); For documentation on this error, please visit: https://www.selenium.dev/documentation/webdriver/troubleshooting/errors#stale-element-reference-exception
Stacktrace:
	GetHandleVerifier [0x00007FF696578132+13538]
	Microsoft::Applications::Events::EventProperty::~EventProperty [0x00007FF696501DE9+595465]
	(No symbol) [0x00007FF69631E6CF]
	(No symbol) [0x00007FF6963237C9]
	(No symbol) [0x00007FF6963256CB]
	(No symbol) [0x00007FF696325770]
	(No symbol) [0x00007FF696362516]
	(No symbol) [0x00007FF696362A1F]
	(No symbol) [0x00007FF69635819C]
	(No symbol) [0x00007FF69638203F]
	(No symbol) [0x00007FF696358147]
	(No symbol) [0x00007FF69635800D]
	(No symbol) [0x00007FF6963822E0]
	(No symbol) [0x00007FF696358147]
	(No symbol) [0x00007FF69639B1EE]
	(No symbol) [0x00007FF696381C63]
	(No symbol) [0x00007FF69635766E]
	(No symbol) [0x00007FF69635683C]
	(No symbol) [0x00007FF696357221]
	Microsoft::Applications::Events::EventProperty::to_string [0x00007FF6967396D4+1099860]
	Microsoft::Applications::Events::EventProperty::~EventProperty [0x00007FF69647D8FC+53532]
	Microsoft::Applications::Events::EventProperty::~EventProperty [0x00007FF696470E25+1605]
	Microsoft::Applications::Events::EventProperty::to_string [0x00007FF696738665+1095653]
	Microsoft::Applications::Events::ILogConfiguration::operator* [0x00007FF69650C961+27777]
	Microsoft::Applications::Events::ILogConfiguration::operator* [0x00007FF696506CE4+4100]
	Microsoft::Applications::Events::ILogConfiguration::operator* [0x00007FF696506E1B+4411]
	Microsoft::Applications::Events::EventProperty::~EventProperty [0x00007FF6964FCFA0+575424]
	BaseThreadInitThunk [0x00007FFEF550257D+29]
	RtlUserThreadStart [0x00007FFEF74EAF28+40]

2024-07-05 22:36:54,570 - error_logger - ERROR - FAILED TO FIND NEXT/SUBMIT BUTTON ON THE FORM
Traceback (most recent call last):
  File "C:\Users\localadmin\AppData\Local\Temp\ipykernel_7116\83051504.py", line 71, in find_next
    button = form.find_element("xpath" , ".//button[@aria-label = 'Continue to next step' or @aria-label = 'Review your application']")
             ^^^^^^^^^^^^^^^^^^^^^^^^^^^^^^^^^^^^^^^^^^^^^^^^^^^^^^^^^^^^^^^^^^^^^^^^^^^^^^^^^^^^^^^^^^^^^^^^^^^^^^^^^^^^^^^^^^^^^^^^^^
  File "C:\Users\localadmin\AppData\Roaming\Python\Python311\site-packages\selenium\webdriver\remote\webelement.py", line 417, in find_element
    return self._execute(Command.FIND_CHILD_ELEMENT, {"using": by, "value": value})["value"]
           ^^^^^^^^^^^^^^^^^^^^^^^^^^^^^^^^^^^^^^^^^^^^^^^^^^^^^^^^^^^^^^^^^^^^^^^^
  File "C:\Users\localadmin\AppData\Roaming\Python\Python311\site-packages\selenium\webdriver\remote\webelement.py", line 395, in _execute
    return self._parent.execute(command, params)
           ^^^^^^^^^^^^^^^^^^^^^^^^^^^^^^^^^^^^^
  File "C:\Users\localadmin\AppData\Roaming\Python\Python311\site-packages\selenium\webdriver\remote\webdriver.py", line 347, in execute
    self.error_handler.check_response(response)
  File "C:\Users\localadmin\AppData\Roaming\Python\Python311\site-packages\selenium\webdriver\remote\errorhandler.py", line 229, in check_response
    raise exception_class(message, screen, stacktrace)
selenium.common.exceptions.StaleElementReferenceException: Message: stale element reference: stale element not found in the current frame
  (Session info: MicrosoftEdge=126.0.2592.87); For documentation on this error, please visit: https://www.selenium.dev/documentation/webdriver/troubleshooting/errors#stale-element-reference-exception
Stacktrace:
	GetHandleVerifier [0x00007FF696578132+13538]
	Microsoft::Applications::Events::EventProperty::~EventProperty [0x00007FF696501DE9+595465]
	(No symbol) [0x00007FF69631E6CF]
	(No symbol) [0x00007FF6963237C9]
	(No symbol) [0x00007FF6963256CB]
	(No symbol) [0x00007FF696325770]
	(No symbol) [0x00007FF696362516]
	(No symbol) [0x00007FF696362A1F]
	(No symbol) [0x00007FF69635819C]
	(No symbol) [0x00007FF69638203F]
	(No symbol) [0x00007FF696358147]
	(No symbol) [0x00007FF69635800D]
	(No symbol) [0x00007FF6963822E0]
	(No symbol) [0x00007FF696358147]
	(No symbol) [0x00007FF69639B1EE]
	(No symbol) [0x00007FF696381C63]
	(No symbol) [0x00007FF69635766E]
	(No symbol) [0x00007FF69635683C]
	(No symbol) [0x00007FF696357221]
	Microsoft::Applications::Events::EventProperty::to_string [0x00007FF6967396D4+1099860]
	Microsoft::Applications::Events::EventProperty::~EventProperty [0x00007FF69647D8FC+53532]
	Microsoft::Applications::Events::EventProperty::~EventProperty [0x00007FF696470E25+1605]
	Microsoft::Applications::Events::EventProperty::to_string [0x00007FF696738665+1095653]
	Microsoft::Applications::Events::ILogConfiguration::operator* [0x00007FF69650C961+27777]
	Microsoft::Applications::Events::ILogConfiguration::operator* [0x00007FF696506CE4+4100]
	Microsoft::Applications::Events::ILogConfiguration::operator* [0x00007FF696506E1B+4411]
	Microsoft::Applications::Events::EventProperty::~EventProperty [0x00007FF6964FCFA0+575424]
	BaseThreadInitThunk [0x00007FFEF550257D+29]
	RtlUserThreadStart [0x00007FFEF74EAF28+40]

2024-07-05 22:36:57,596 - error_logger - ERROR - FAILED TO EXIT APPLICATION SUBMITTED POP-UP
Traceback (most recent call last):
  File "C:\Users\localadmin\AppData\Local\Temp\ipykernel_7116\35426763.py", line 83, in apply_job
    exit_button = driver.find_element("xpath" , ".//button[@class = 'artdeco-button artdeco-button--2 artdeco-button--primary ember-view mlA block' and .//span[text()='Done' ]]")
                  ^^^^^^^^^^^^^^^^^^^^^^^^^^^^^^^^^^^^^^^^^^^^^^^^^^^^^^^^^^^^^^^^^^^^^^^^^^^^^^^^^^^^^^^^^^^^^^^^^^^^^^^^^^^^^^^^^^^^^^^^^^^^^^^^^^^^^^^^^^^^^^^^^^^^^^^^^^^^^^^^
  File "C:\Users\localadmin\AppData\Roaming\Python\Python311\site-packages\selenium\webdriver\remote\webdriver.py", line 741, in find_element
    return self.execute(Command.FIND_ELEMENT, {"using": by, "value": value})["value"]
           ^^^^^^^^^^^^^^^^^^^^^^^^^^^^^^^^^^^^^^^^^^^^^^^^^^^^^^^^^^^^^^^^^
  File "C:\Users\localadmin\AppData\Roaming\Python\Python311\site-packages\selenium\webdriver\remote\webdriver.py", line 347, in execute
    self.error_handler.check_response(response)
  File "C:\Users\localadmin\AppData\Roaming\Python\Python311\site-packages\selenium\webdriver\remote\errorhandler.py", line 229, in check_response
    raise exception_class(message, screen, stacktrace)
selenium.common.exceptions.NoSuchElementException: Message: no such element: Unable to locate element: {"method":"xpath","selector":".//button[@class = 'artdeco-button artdeco-button--2 artdeco-button--primary ember-view mlA block' and .//span[text()='Done' ]]"}
  (Session info: MicrosoftEdge=126.0.2592.87); For documentation on this error, please visit: https://www.selenium.dev/documentation/webdriver/troubleshooting/errors#no-such-element-exception
Stacktrace:
	GetHandleVerifier [0x00007FF696578132+13538]
	Microsoft::Applications::Events::EventProperty::~EventProperty [0x00007FF696501DE9+595465]
	(No symbol) [0x00007FF69631E6CF]
	(No symbol) [0x00007FF696362960]
	(No symbol) [0x00007FF696362A1F]
	(No symbol) [0x00007FF69639D627]
	(No symbol) [0x00007FF69638203F]
	(No symbol) [0x00007FF696358147]
	(No symbol) [0x00007FF69639B1EE]
	(No symbol) [0x00007FF696381C63]
	(No symbol) [0x00007FF69635766E]
	(No symbol) [0x00007FF69635683C]
	(No symbol) [0x00007FF696357221]
	Microsoft::Applications::Events::EventProperty::to_string [0x00007FF6967396D4+1099860]
	Microsoft::Applications::Events::EventProperty::~EventProperty [0x00007FF69647D8FC+53532]
	Microsoft::Applications::Events::EventProperty::~EventProperty [0x00007FF696470E25+1605]
	Microsoft::Applications::Events::EventProperty::to_string [0x00007FF696738665+1095653]
	Microsoft::Applications::Events::ILogConfiguration::operator* [0x00007FF69650C961+27777]
	Microsoft::Applications::Events::ILogConfiguration::operator* [0x00007FF696506CE4+4100]
	Microsoft::Applications::Events::ILogConfiguration::operator* [0x00007FF696506E1B+4411]
	Microsoft::Applications::Events::EventProperty::~EventProperty [0x00007FF6964FCFA0+575424]
	BaseThreadInitThunk [0x00007FFEF550257D+29]
	RtlUserThreadStart [0x00007FFEF74EAF28+40]

2024-07-05 22:36:57,596 - error_logger - ERROR - FAILED TO EXIT APPLICATION SUBMITTED POP-UP
Traceback (most recent call last):
  File "C:\Users\localadmin\AppData\Local\Temp\ipykernel_7116\35426763.py", line 83, in apply_job
    exit_button = driver.find_element("xpath" , ".//button[@class = 'artdeco-button artdeco-button--2 artdeco-button--primary ember-view mlA block' and .//span[text()='Done' ]]")
                  ^^^^^^^^^^^^^^^^^^^^^^^^^^^^^^^^^^^^^^^^^^^^^^^^^^^^^^^^^^^^^^^^^^^^^^^^^^^^^^^^^^^^^^^^^^^^^^^^^^^^^^^^^^^^^^^^^^^^^^^^^^^^^^^^^^^^^^^^^^^^^^^^^^^^^^^^^^^^^^^^
  File "C:\Users\localadmin\AppData\Roaming\Python\Python311\site-packages\selenium\webdriver\remote\webdriver.py", line 741, in find_element
    return self.execute(Command.FIND_ELEMENT, {"using": by, "value": value})["value"]
           ^^^^^^^^^^^^^^^^^^^^^^^^^^^^^^^^^^^^^^^^^^^^^^^^^^^^^^^^^^^^^^^^^
  File "C:\Users\localadmin\AppData\Roaming\Python\Python311\site-packages\selenium\webdriver\remote\webdriver.py", line 347, in execute
    self.error_handler.check_response(response)
  File "C:\Users\localadmin\AppData\Roaming\Python\Python311\site-packages\selenium\webdriver\remote\errorhandler.py", line 229, in check_response
    raise exception_class(message, screen, stacktrace)
selenium.common.exceptions.NoSuchElementException: Message: no such element: Unable to locate element: {"method":"xpath","selector":".//button[@class = 'artdeco-button artdeco-button--2 artdeco-button--primary ember-view mlA block' and .//span[text()='Done' ]]"}
  (Session info: MicrosoftEdge=126.0.2592.87); For documentation on this error, please visit: https://www.selenium.dev/documentation/webdriver/troubleshooting/errors#no-such-element-exception
Stacktrace:
	GetHandleVerifier [0x00007FF696578132+13538]
	Microsoft::Applications::Events::EventProperty::~EventProperty [0x00007FF696501DE9+595465]
	(No symbol) [0x00007FF69631E6CF]
	(No symbol) [0x00007FF696362960]
	(No symbol) [0x00007FF696362A1F]
	(No symbol) [0x00007FF69639D627]
	(No symbol) [0x00007FF69638203F]
	(No symbol) [0x00007FF696358147]
	(No symbol) [0x00007FF69639B1EE]
	(No symbol) [0x00007FF696381C63]
	(No symbol) [0x00007FF69635766E]
	(No symbol) [0x00007FF69635683C]
	(No symbol) [0x00007FF696357221]
	Microsoft::Applications::Events::EventProperty::to_string [0x00007FF6967396D4+1099860]
	Microsoft::Applications::Events::EventProperty::~EventProperty [0x00007FF69647D8FC+53532]
	Microsoft::Applications::Events::EventProperty::~EventProperty [0x00007FF696470E25+1605]
	Microsoft::Applications::Events::EventProperty::to_string [0x00007FF696738665+1095653]
	Microsoft::Applications::Events::ILogConfiguration::operator* [0x00007FF69650C961+27777]
	Microsoft::Applications::Events::ILogConfiguration::operator* [0x00007FF696506CE4+4100]
	Microsoft::Applications::Events::ILogConfiguration::operator* [0x00007FF696506E1B+4411]
	Microsoft::Applications::Events::EventProperty::~EventProperty [0x00007FF6964FCFA0+575424]
	BaseThreadInitThunk [0x00007FFEF550257D+29]
	RtlUserThreadStart [0x00007FFEF74EAF28+40]

2024-07-05 22:38:48,302 - error_logger - ERROR - ALREADY APPLIED TO THIS ROLE
Traceback (most recent call last):
  File "C:\Users\localadmin\AppData\Local\Temp\ipykernel_7116\2499463883.py", line 11, in apply_job
    easy_apply_button = driver.find_element("xpath", ".//button[contains(@aria-label , 'Easy Apply to')]")
                        ^^^^^^^^^^^^^^^^^^^^^^^^^^^^^^^^^^^^^^^^^^^^^^^^^^^^^^^^^^^^^^^^^^^^^^^^^^^^^^^^^^
  File "C:\Users\localadmin\AppData\Roaming\Python\Python311\site-packages\selenium\webdriver\remote\webdriver.py", line 741, in find_element
    return self.execute(Command.FIND_ELEMENT, {"using": by, "value": value})["value"]
           ^^^^^^^^^^^^^^^^^^^^^^^^^^^^^^^^^^^^^^^^^^^^^^^^^^^^^^^^^^^^^^^^^
  File "C:\Users\localadmin\AppData\Roaming\Python\Python311\site-packages\selenium\webdriver\remote\webdriver.py", line 347, in execute
    self.error_handler.check_response(response)
  File "C:\Users\localadmin\AppData\Roaming\Python\Python311\site-packages\selenium\webdriver\remote\errorhandler.py", line 229, in check_response
    raise exception_class(message, screen, stacktrace)
selenium.common.exceptions.NoSuchElementException: Message: no such element: Unable to locate element: {"method":"xpath","selector":".//button[contains(@aria-label , 'Easy Apply to')]"}
  (Session info: MicrosoftEdge=126.0.2592.87); For documentation on this error, please visit: https://www.selenium.dev/documentation/webdriver/troubleshooting/errors#no-such-element-exception
Stacktrace:
	GetHandleVerifier [0x00007FF696578132+13538]
	Microsoft::Applications::Events::EventProperty::~EventProperty [0x00007FF696501DE9+595465]
	(No symbol) [0x00007FF69631E6CF]
	(No symbol) [0x00007FF696362960]
	(No symbol) [0x00007FF696362A1F]
	(No symbol) [0x00007FF69639D627]
	(No symbol) [0x00007FF69638203F]
	(No symbol) [0x00007FF696358147]
	(No symbol) [0x00007FF69639B1EE]
	(No symbol) [0x00007FF696381C63]
	(No symbol) [0x00007FF69635766E]
	(No symbol) [0x00007FF69635683C]
	(No symbol) [0x00007FF696357221]
	Microsoft::Applications::Events::EventProperty::to_string [0x00007FF6967396D4+1099860]
	Microsoft::Applications::Events::EventProperty::~EventProperty [0x00007FF69647D8FC+53532]
	Microsoft::Applications::Events::EventProperty::~EventProperty [0x00007FF696470E25+1605]
	Microsoft::Applications::Events::EventProperty::to_string [0x00007FF696738665+1095653]
	Microsoft::Applications::Events::ILogConfiguration::operator* [0x00007FF69650C961+27777]
	Microsoft::Applications::Events::ILogConfiguration::operator* [0x00007FF696506CE4+4100]
	Microsoft::Applications::Events::ILogConfiguration::operator* [0x00007FF696506E1B+4411]
	Microsoft::Applications::Events::EventProperty::~EventProperty [0x00007FF6964FCFA0+575424]
	BaseThreadInitThunk [0x00007FFEF550257D+29]
	RtlUserThreadStart [0x00007FFEF74EAF28+40]

2024-07-05 22:38:48,302 - error_logger - ERROR - ALREADY APPLIED TO THIS ROLE
Traceback (most recent call last):
  File "C:\Users\localadmin\AppData\Local\Temp\ipykernel_7116\2499463883.py", line 11, in apply_job
    easy_apply_button = driver.find_element("xpath", ".//button[contains(@aria-label , 'Easy Apply to')]")
                        ^^^^^^^^^^^^^^^^^^^^^^^^^^^^^^^^^^^^^^^^^^^^^^^^^^^^^^^^^^^^^^^^^^^^^^^^^^^^^^^^^^
  File "C:\Users\localadmin\AppData\Roaming\Python\Python311\site-packages\selenium\webdriver\remote\webdriver.py", line 741, in find_element
    return self.execute(Command.FIND_ELEMENT, {"using": by, "value": value})["value"]
           ^^^^^^^^^^^^^^^^^^^^^^^^^^^^^^^^^^^^^^^^^^^^^^^^^^^^^^^^^^^^^^^^^
  File "C:\Users\localadmin\AppData\Roaming\Python\Python311\site-packages\selenium\webdriver\remote\webdriver.py", line 347, in execute
    self.error_handler.check_response(response)
  File "C:\Users\localadmin\AppData\Roaming\Python\Python311\site-packages\selenium\webdriver\remote\errorhandler.py", line 229, in check_response
    raise exception_class(message, screen, stacktrace)
selenium.common.exceptions.NoSuchElementException: Message: no such element: Unable to locate element: {"method":"xpath","selector":".//button[contains(@aria-label , 'Easy Apply to')]"}
  (Session info: MicrosoftEdge=126.0.2592.87); For documentation on this error, please visit: https://www.selenium.dev/documentation/webdriver/troubleshooting/errors#no-such-element-exception
Stacktrace:
	GetHandleVerifier [0x00007FF696578132+13538]
	Microsoft::Applications::Events::EventProperty::~EventProperty [0x00007FF696501DE9+595465]
	(No symbol) [0x00007FF69631E6CF]
	(No symbol) [0x00007FF696362960]
	(No symbol) [0x00007FF696362A1F]
	(No symbol) [0x00007FF69639D627]
	(No symbol) [0x00007FF69638203F]
	(No symbol) [0x00007FF696358147]
	(No symbol) [0x00007FF69639B1EE]
	(No symbol) [0x00007FF696381C63]
	(No symbol) [0x00007FF69635766E]
	(No symbol) [0x00007FF69635683C]
	(No symbol) [0x00007FF696357221]
	Microsoft::Applications::Events::EventProperty::to_string [0x00007FF6967396D4+1099860]
	Microsoft::Applications::Events::EventProperty::~EventProperty [0x00007FF69647D8FC+53532]
	Microsoft::Applications::Events::EventProperty::~EventProperty [0x00007FF696470E25+1605]
	Microsoft::Applications::Events::EventProperty::to_string [0x00007FF696738665+1095653]
	Microsoft::Applications::Events::ILogConfiguration::operator* [0x00007FF69650C961+27777]
	Microsoft::Applications::Events::ILogConfiguration::operator* [0x00007FF696506CE4+4100]
	Microsoft::Applications::Events::ILogConfiguration::operator* [0x00007FF696506E1B+4411]
	Microsoft::Applications::Events::EventProperty::~EventProperty [0x00007FF6964FCFA0+575424]
	BaseThreadInitThunk [0x00007FFEF550257D+29]
	RtlUserThreadStart [0x00007FFEF74EAF28+40]

2024-07-05 22:44:41,224 - error_logger - ERROR - ALREADY APPLIED TO THIS ROLE
Traceback (most recent call last):
  File "C:\Users\localadmin\AppData\Local\Temp\ipykernel_7116\1987559890.py", line 11, in apply_job
    easy_apply_button = driver.find_element("xpath", ".//button[contains(@aria-label , 'Easy Apply to')]")
                        ^^^^^^^^^^^^^^^^^^^^^^^^^^^^^^^^^^^^^^^^^^^^^^^^^^^^^^^^^^^^^^^^^^^^^^^^^^^^^^^^^^
  File "C:\Users\localadmin\AppData\Roaming\Python\Python311\site-packages\selenium\webdriver\remote\webdriver.py", line 741, in find_element
    return self.execute(Command.FIND_ELEMENT, {"using": by, "value": value})["value"]
           ^^^^^^^^^^^^^^^^^^^^^^^^^^^^^^^^^^^^^^^^^^^^^^^^^^^^^^^^^^^^^^^^^
  File "C:\Users\localadmin\AppData\Roaming\Python\Python311\site-packages\selenium\webdriver\remote\webdriver.py", line 347, in execute
    self.error_handler.check_response(response)
  File "C:\Users\localadmin\AppData\Roaming\Python\Python311\site-packages\selenium\webdriver\remote\errorhandler.py", line 229, in check_response
    raise exception_class(message, screen, stacktrace)
selenium.common.exceptions.NoSuchElementException: Message: no such element: Unable to locate element: {"method":"xpath","selector":".//button[contains(@aria-label , 'Easy Apply to')]"}
  (Session info: MicrosoftEdge=126.0.2592.87); For documentation on this error, please visit: https://www.selenium.dev/documentation/webdriver/troubleshooting/errors#no-such-element-exception
Stacktrace:
	GetHandleVerifier [0x00007FF696578132+13538]
	Microsoft::Applications::Events::EventProperty::~EventProperty [0x00007FF696501DE9+595465]
	(No symbol) [0x00007FF69631E6CF]
	(No symbol) [0x00007FF696362960]
	(No symbol) [0x00007FF696362A1F]
	(No symbol) [0x00007FF69639D627]
	(No symbol) [0x00007FF69638203F]
	(No symbol) [0x00007FF696358147]
	(No symbol) [0x00007FF69639B1EE]
	(No symbol) [0x00007FF696381C63]
	(No symbol) [0x00007FF69635766E]
	(No symbol) [0x00007FF69635683C]
	(No symbol) [0x00007FF696357221]
	Microsoft::Applications::Events::EventProperty::to_string [0x00007FF6967396D4+1099860]
	Microsoft::Applications::Events::EventProperty::~EventProperty [0x00007FF69647D8FC+53532]
	Microsoft::Applications::Events::EventProperty::~EventProperty [0x00007FF696470E25+1605]
	Microsoft::Applications::Events::EventProperty::to_string [0x00007FF696738665+1095653]
	Microsoft::Applications::Events::ILogConfiguration::operator* [0x00007FF69650C961+27777]
	Microsoft::Applications::Events::ILogConfiguration::operator* [0x00007FF696506CE4+4100]
	Microsoft::Applications::Events::ILogConfiguration::operator* [0x00007FF696506E1B+4411]
	Microsoft::Applications::Events::EventProperty::~EventProperty [0x00007FF6964FCFA0+575424]
	BaseThreadInitThunk [0x00007FFEF550257D+29]
	RtlUserThreadStart [0x00007FFEF74EAF28+40]

2024-07-05 22:44:41,224 - error_logger - ERROR - ALREADY APPLIED TO THIS ROLE
Traceback (most recent call last):
  File "C:\Users\localadmin\AppData\Local\Temp\ipykernel_7116\1987559890.py", line 11, in apply_job
    easy_apply_button = driver.find_element("xpath", ".//button[contains(@aria-label , 'Easy Apply to')]")
                        ^^^^^^^^^^^^^^^^^^^^^^^^^^^^^^^^^^^^^^^^^^^^^^^^^^^^^^^^^^^^^^^^^^^^^^^^^^^^^^^^^^
  File "C:\Users\localadmin\AppData\Roaming\Python\Python311\site-packages\selenium\webdriver\remote\webdriver.py", line 741, in find_element
    return self.execute(Command.FIND_ELEMENT, {"using": by, "value": value})["value"]
           ^^^^^^^^^^^^^^^^^^^^^^^^^^^^^^^^^^^^^^^^^^^^^^^^^^^^^^^^^^^^^^^^^
  File "C:\Users\localadmin\AppData\Roaming\Python\Python311\site-packages\selenium\webdriver\remote\webdriver.py", line 347, in execute
    self.error_handler.check_response(response)
  File "C:\Users\localadmin\AppData\Roaming\Python\Python311\site-packages\selenium\webdriver\remote\errorhandler.py", line 229, in check_response
    raise exception_class(message, screen, stacktrace)
selenium.common.exceptions.NoSuchElementException: Message: no such element: Unable to locate element: {"method":"xpath","selector":".//button[contains(@aria-label , 'Easy Apply to')]"}
  (Session info: MicrosoftEdge=126.0.2592.87); For documentation on this error, please visit: https://www.selenium.dev/documentation/webdriver/troubleshooting/errors#no-such-element-exception
Stacktrace:
	GetHandleVerifier [0x00007FF696578132+13538]
	Microsoft::Applications::Events::EventProperty::~EventProperty [0x00007FF696501DE9+595465]
	(No symbol) [0x00007FF69631E6CF]
	(No symbol) [0x00007FF696362960]
	(No symbol) [0x00007FF696362A1F]
	(No symbol) [0x00007FF69639D627]
	(No symbol) [0x00007FF69638203F]
	(No symbol) [0x00007FF696358147]
	(No symbol) [0x00007FF69639B1EE]
	(No symbol) [0x00007FF696381C63]
	(No symbol) [0x00007FF69635766E]
	(No symbol) [0x00007FF69635683C]
	(No symbol) [0x00007FF696357221]
	Microsoft::Applications::Events::EventProperty::to_string [0x00007FF6967396D4+1099860]
	Microsoft::Applications::Events::EventProperty::~EventProperty [0x00007FF69647D8FC+53532]
	Microsoft::Applications::Events::EventProperty::~EventProperty [0x00007FF696470E25+1605]
	Microsoft::Applications::Events::EventProperty::to_string [0x00007FF696738665+1095653]
	Microsoft::Applications::Events::ILogConfiguration::operator* [0x00007FF69650C961+27777]
	Microsoft::Applications::Events::ILogConfiguration::operator* [0x00007FF696506CE4+4100]
	Microsoft::Applications::Events::ILogConfiguration::operator* [0x00007FF696506E1B+4411]
	Microsoft::Applications::Events::EventProperty::~EventProperty [0x00007FF6964FCFA0+575424]
	BaseThreadInitThunk [0x00007FFEF550257D+29]
	RtlUserThreadStart [0x00007FFEF74EAF28+40]

2024-07-05 22:44:44,798 - error_logger - ERROR - ALREADY APPLIED TO THIS ROLE
Traceback (most recent call last):
  File "C:\Users\localadmin\AppData\Local\Temp\ipykernel_7116\1987559890.py", line 11, in apply_job
    easy_apply_button = driver.find_element("xpath", ".//button[contains(@aria-label , 'Easy Apply to')]")
                        ^^^^^^^^^^^^^^^^^^^^^^^^^^^^^^^^^^^^^^^^^^^^^^^^^^^^^^^^^^^^^^^^^^^^^^^^^^^^^^^^^^
  File "C:\Users\localadmin\AppData\Roaming\Python\Python311\site-packages\selenium\webdriver\remote\webdriver.py", line 741, in find_element
    return self.execute(Command.FIND_ELEMENT, {"using": by, "value": value})["value"]
           ^^^^^^^^^^^^^^^^^^^^^^^^^^^^^^^^^^^^^^^^^^^^^^^^^^^^^^^^^^^^^^^^^
  File "C:\Users\localadmin\AppData\Roaming\Python\Python311\site-packages\selenium\webdriver\remote\webdriver.py", line 347, in execute
    self.error_handler.check_response(response)
  File "C:\Users\localadmin\AppData\Roaming\Python\Python311\site-packages\selenium\webdriver\remote\errorhandler.py", line 229, in check_response
    raise exception_class(message, screen, stacktrace)
selenium.common.exceptions.NoSuchElementException: Message: no such element: Unable to locate element: {"method":"xpath","selector":".//button[contains(@aria-label , 'Easy Apply to')]"}
  (Session info: MicrosoftEdge=126.0.2592.87); For documentation on this error, please visit: https://www.selenium.dev/documentation/webdriver/troubleshooting/errors#no-such-element-exception
Stacktrace:
	GetHandleVerifier [0x00007FF696578132+13538]
	Microsoft::Applications::Events::EventProperty::~EventProperty [0x00007FF696501DE9+595465]
	(No symbol) [0x00007FF69631E6CF]
	(No symbol) [0x00007FF696362960]
	(No symbol) [0x00007FF696362A1F]
	(No symbol) [0x00007FF69639D627]
	(No symbol) [0x00007FF69638203F]
	(No symbol) [0x00007FF696358147]
	(No symbol) [0x00007FF69639B1EE]
	(No symbol) [0x00007FF696381C63]
	(No symbol) [0x00007FF69635766E]
	(No symbol) [0x00007FF69635683C]
	(No symbol) [0x00007FF696357221]
	Microsoft::Applications::Events::EventProperty::to_string [0x00007FF6967396D4+1099860]
	Microsoft::Applications::Events::EventProperty::~EventProperty [0x00007FF69647D8FC+53532]
	Microsoft::Applications::Events::EventProperty::~EventProperty [0x00007FF696470E25+1605]
	Microsoft::Applications::Events::EventProperty::to_string [0x00007FF696738665+1095653]
	Microsoft::Applications::Events::ILogConfiguration::operator* [0x00007FF69650C961+27777]
	Microsoft::Applications::Events::ILogConfiguration::operator* [0x00007FF696506CE4+4100]
	Microsoft::Applications::Events::ILogConfiguration::operator* [0x00007FF696506E1B+4411]
	Microsoft::Applications::Events::EventProperty::~EventProperty [0x00007FF6964FCFA0+575424]
	BaseThreadInitThunk [0x00007FFEF550257D+29]
	RtlUserThreadStart [0x00007FFEF74EAF28+40]

2024-07-05 22:44:44,798 - error_logger - ERROR - ALREADY APPLIED TO THIS ROLE
Traceback (most recent call last):
  File "C:\Users\localadmin\AppData\Local\Temp\ipykernel_7116\1987559890.py", line 11, in apply_job
    easy_apply_button = driver.find_element("xpath", ".//button[contains(@aria-label , 'Easy Apply to')]")
                        ^^^^^^^^^^^^^^^^^^^^^^^^^^^^^^^^^^^^^^^^^^^^^^^^^^^^^^^^^^^^^^^^^^^^^^^^^^^^^^^^^^
  File "C:\Users\localadmin\AppData\Roaming\Python\Python311\site-packages\selenium\webdriver\remote\webdriver.py", line 741, in find_element
    return self.execute(Command.FIND_ELEMENT, {"using": by, "value": value})["value"]
           ^^^^^^^^^^^^^^^^^^^^^^^^^^^^^^^^^^^^^^^^^^^^^^^^^^^^^^^^^^^^^^^^^
  File "C:\Users\localadmin\AppData\Roaming\Python\Python311\site-packages\selenium\webdriver\remote\webdriver.py", line 347, in execute
    self.error_handler.check_response(response)
  File "C:\Users\localadmin\AppData\Roaming\Python\Python311\site-packages\selenium\webdriver\remote\errorhandler.py", line 229, in check_response
    raise exception_class(message, screen, stacktrace)
selenium.common.exceptions.NoSuchElementException: Message: no such element: Unable to locate element: {"method":"xpath","selector":".//button[contains(@aria-label , 'Easy Apply to')]"}
  (Session info: MicrosoftEdge=126.0.2592.87); For documentation on this error, please visit: https://www.selenium.dev/documentation/webdriver/troubleshooting/errors#no-such-element-exception
Stacktrace:
	GetHandleVerifier [0x00007FF696578132+13538]
	Microsoft::Applications::Events::EventProperty::~EventProperty [0x00007FF696501DE9+595465]
	(No symbol) [0x00007FF69631E6CF]
	(No symbol) [0x00007FF696362960]
	(No symbol) [0x00007FF696362A1F]
	(No symbol) [0x00007FF69639D627]
	(No symbol) [0x00007FF69638203F]
	(No symbol) [0x00007FF696358147]
	(No symbol) [0x00007FF69639B1EE]
	(No symbol) [0x00007FF696381C63]
	(No symbol) [0x00007FF69635766E]
	(No symbol) [0x00007FF69635683C]
	(No symbol) [0x00007FF696357221]
	Microsoft::Applications::Events::EventProperty::to_string [0x00007FF6967396D4+1099860]
	Microsoft::Applications::Events::EventProperty::~EventProperty [0x00007FF69647D8FC+53532]
	Microsoft::Applications::Events::EventProperty::~EventProperty [0x00007FF696470E25+1605]
	Microsoft::Applications::Events::EventProperty::to_string [0x00007FF696738665+1095653]
	Microsoft::Applications::Events::ILogConfiguration::operator* [0x00007FF69650C961+27777]
	Microsoft::Applications::Events::ILogConfiguration::operator* [0x00007FF696506CE4+4100]
	Microsoft::Applications::Events::ILogConfiguration::operator* [0x00007FF696506E1B+4411]
	Microsoft::Applications::Events::EventProperty::~EventProperty [0x00007FF6964FCFA0+575424]
	BaseThreadInitThunk [0x00007FFEF550257D+29]
	RtlUserThreadStart [0x00007FFEF74EAF28+40]

2024-07-05 22:47:52,073 - error_logger - ERROR - FAILED TO FIND NEXT/SUBMIT BUTTON ON THE FORM
Traceback (most recent call last):
  File "C:\Users\localadmin\AppData\Local\Temp\ipykernel_7116\83051504.py", line 72, in find_next
    button.click()
  File "C:\Users\localadmin\AppData\Roaming\Python\Python311\site-packages\selenium\webdriver\remote\webelement.py", line 94, in click
    self._execute(Command.CLICK_ELEMENT)
  File "C:\Users\localadmin\AppData\Roaming\Python\Python311\site-packages\selenium\webdriver\remote\webelement.py", line 395, in _execute
    return self._parent.execute(command, params)
           ^^^^^^^^^^^^^^^^^^^^^^^^^^^^^^^^^^^^^
  File "C:\Users\localadmin\AppData\Roaming\Python\Python311\site-packages\selenium\webdriver\remote\webdriver.py", line 347, in execute
    self.error_handler.check_response(response)
  File "C:\Users\localadmin\AppData\Roaming\Python\Python311\site-packages\selenium\webdriver\remote\errorhandler.py", line 229, in check_response
    raise exception_class(message, screen, stacktrace)
selenium.common.exceptions.ElementClickInterceptedException: Message: element click intercepted: Element <button aria-label="Continue to next step" id="ember1647" class="artdeco-button artdeco-button--2 artdeco-button--primary ember-view" data-easy-apply-next-button="" type="button">...</button> is not clickable at point (1235, 343). Other element would receive the click: <div class="search-typeahead-v2__hit search-typeahead-v2__hit--autocomplete" data-test-single-typeahead-entity-form-search-result="true">...</div>
  (Session info: MicrosoftEdge=126.0.2592.87)
Stacktrace:
	GetHandleVerifier [0x00007FF696578132+13538]
	Microsoft::Applications::Events::EventProperty::~EventProperty [0x00007FF696501DE9+595465]
	(No symbol) [0x00007FF69631E6CF]
	(No symbol) [0x00007FF696368E9E]
	(No symbol) [0x00007FF696367101]
	(No symbol) [0x00007FF696364E10]
	(No symbol) [0x00007FF696363E26]
	(No symbol) [0x00007FF696358711]
	(No symbol) [0x00007FF696381FFA]
	(No symbol) [0x00007FF696358147]
	(No symbol) [0x00007FF69635800D]
	(No symbol) [0x00007FF6963822E0]
	(No symbol) [0x00007FF696358147]
	(No symbol) [0x00007FF69639B1EE]
	(No symbol) [0x00007FF696381C63]
	(No symbol) [0x00007FF69635766E]
	(No symbol) [0x00007FF69635683C]
	(No symbol) [0x00007FF696357221]
	Microsoft::Applications::Events::EventProperty::to_string [0x00007FF6967396D4+1099860]
	Microsoft::Applications::Events::EventProperty::~EventProperty [0x00007FF69647D8FC+53532]
	Microsoft::Applications::Events::EventProperty::~EventProperty [0x00007FF696470E25+1605]
	Microsoft::Applications::Events::EventProperty::to_string [0x00007FF696738665+1095653]
	Microsoft::Applications::Events::ILogConfiguration::operator* [0x00007FF69650C961+27777]
	Microsoft::Applications::Events::ILogConfiguration::operator* [0x00007FF696506CE4+4100]
	Microsoft::Applications::Events::ILogConfiguration::operator* [0x00007FF696506E1B+4411]
	Microsoft::Applications::Events::EventProperty::~EventProperty [0x00007FF6964FCFA0+575424]
	BaseThreadInitThunk [0x00007FFEF550257D+29]
	RtlUserThreadStart [0x00007FFEF74EAF28+40]

2024-07-05 22:47:52,073 - error_logger - ERROR - FAILED TO FIND NEXT/SUBMIT BUTTON ON THE FORM
Traceback (most recent call last):
  File "C:\Users\localadmin\AppData\Local\Temp\ipykernel_7116\83051504.py", line 72, in find_next
    button.click()
  File "C:\Users\localadmin\AppData\Roaming\Python\Python311\site-packages\selenium\webdriver\remote\webelement.py", line 94, in click
    self._execute(Command.CLICK_ELEMENT)
  File "C:\Users\localadmin\AppData\Roaming\Python\Python311\site-packages\selenium\webdriver\remote\webelement.py", line 395, in _execute
    return self._parent.execute(command, params)
           ^^^^^^^^^^^^^^^^^^^^^^^^^^^^^^^^^^^^^
  File "C:\Users\localadmin\AppData\Roaming\Python\Python311\site-packages\selenium\webdriver\remote\webdriver.py", line 347, in execute
    self.error_handler.check_response(response)
  File "C:\Users\localadmin\AppData\Roaming\Python\Python311\site-packages\selenium\webdriver\remote\errorhandler.py", line 229, in check_response
    raise exception_class(message, screen, stacktrace)
selenium.common.exceptions.ElementClickInterceptedException: Message: element click intercepted: Element <button aria-label="Continue to next step" id="ember1647" class="artdeco-button artdeco-button--2 artdeco-button--primary ember-view" data-easy-apply-next-button="" type="button">...</button> is not clickable at point (1235, 343). Other element would receive the click: <div class="search-typeahead-v2__hit search-typeahead-v2__hit--autocomplete" data-test-single-typeahead-entity-form-search-result="true">...</div>
  (Session info: MicrosoftEdge=126.0.2592.87)
Stacktrace:
	GetHandleVerifier [0x00007FF696578132+13538]
	Microsoft::Applications::Events::EventProperty::~EventProperty [0x00007FF696501DE9+595465]
	(No symbol) [0x00007FF69631E6CF]
	(No symbol) [0x00007FF696368E9E]
	(No symbol) [0x00007FF696367101]
	(No symbol) [0x00007FF696364E10]
	(No symbol) [0x00007FF696363E26]
	(No symbol) [0x00007FF696358711]
	(No symbol) [0x00007FF696381FFA]
	(No symbol) [0x00007FF696358147]
	(No symbol) [0x00007FF69635800D]
	(No symbol) [0x00007FF6963822E0]
	(No symbol) [0x00007FF696358147]
	(No symbol) [0x00007FF69639B1EE]
	(No symbol) [0x00007FF696381C63]
	(No symbol) [0x00007FF69635766E]
	(No symbol) [0x00007FF69635683C]
	(No symbol) [0x00007FF696357221]
	Microsoft::Applications::Events::EventProperty::to_string [0x00007FF6967396D4+1099860]
	Microsoft::Applications::Events::EventProperty::~EventProperty [0x00007FF69647D8FC+53532]
	Microsoft::Applications::Events::EventProperty::~EventProperty [0x00007FF696470E25+1605]
	Microsoft::Applications::Events::EventProperty::to_string [0x00007FF696738665+1095653]
	Microsoft::Applications::Events::ILogConfiguration::operator* [0x00007FF69650C961+27777]
	Microsoft::Applications::Events::ILogConfiguration::operator* [0x00007FF696506CE4+4100]
	Microsoft::Applications::Events::ILogConfiguration::operator* [0x00007FF696506E1B+4411]
	Microsoft::Applications::Events::EventProperty::~EventProperty [0x00007FF6964FCFA0+575424]
	BaseThreadInitThunk [0x00007FFEF550257D+29]
	RtlUserThreadStart [0x00007FFEF74EAF28+40]

2024-07-05 23:04:11,453 - error_logger - ERROR - ALREADY APPLIED TO THIS ROLE
Traceback (most recent call last):
  File "C:\Users\localadmin\AppData\Local\Temp\ipykernel_7116\2181206851.py", line 11, in apply_job
    easy_apply_button = driver.find_element("xpath", ".//button[contains(@aria-label , 'Easy Apply to')]")
                        ^^^^^^^^^^^^^^^^^^^^^^^^^^^^^^^^^^^^^^^^^^^^^^^^^^^^^^^^^^^^^^^^^^^^^^^^^^^^^^^^^^
  File "C:\Users\localadmin\AppData\Roaming\Python\Python311\site-packages\selenium\webdriver\remote\webdriver.py", line 741, in find_element
    return self.execute(Command.FIND_ELEMENT, {"using": by, "value": value})["value"]
           ^^^^^^^^^^^^^^^^^^^^^^^^^^^^^^^^^^^^^^^^^^^^^^^^^^^^^^^^^^^^^^^^^
  File "C:\Users\localadmin\AppData\Roaming\Python\Python311\site-packages\selenium\webdriver\remote\webdriver.py", line 347, in execute
    self.error_handler.check_response(response)
  File "C:\Users\localadmin\AppData\Roaming\Python\Python311\site-packages\selenium\webdriver\remote\errorhandler.py", line 229, in check_response
    raise exception_class(message, screen, stacktrace)
selenium.common.exceptions.NoSuchElementException: Message: no such element: Unable to locate element: {"method":"xpath","selector":".//button[contains(@aria-label , 'Easy Apply to')]"}
  (Session info: MicrosoftEdge=126.0.2592.87); For documentation on this error, please visit: https://www.selenium.dev/documentation/webdriver/troubleshooting/errors#no-such-element-exception
Stacktrace:
	GetHandleVerifier [0x00007FF696578132+13538]
	Microsoft::Applications::Events::EventProperty::~EventProperty [0x00007FF696501DE9+595465]
	(No symbol) [0x00007FF69631E6CF]
	(No symbol) [0x00007FF696362960]
	(No symbol) [0x00007FF696362A1F]
	(No symbol) [0x00007FF69639D627]
	(No symbol) [0x00007FF69638203F]
	(No symbol) [0x00007FF696358147]
	(No symbol) [0x00007FF69639B1EE]
	(No symbol) [0x00007FF696381C63]
	(No symbol) [0x00007FF69635766E]
	(No symbol) [0x00007FF69635683C]
	(No symbol) [0x00007FF696357221]
	Microsoft::Applications::Events::EventProperty::to_string [0x00007FF6967396D4+1099860]
	Microsoft::Applications::Events::EventProperty::~EventProperty [0x00007FF69647D8FC+53532]
	Microsoft::Applications::Events::EventProperty::~EventProperty [0x00007FF696470E25+1605]
	Microsoft::Applications::Events::EventProperty::to_string [0x00007FF696738665+1095653]
	Microsoft::Applications::Events::ILogConfiguration::operator* [0x00007FF69650C961+27777]
	Microsoft::Applications::Events::ILogConfiguration::operator* [0x00007FF696506CE4+4100]
	Microsoft::Applications::Events::ILogConfiguration::operator* [0x00007FF696506E1B+4411]
	Microsoft::Applications::Events::EventProperty::~EventProperty [0x00007FF6964FCFA0+575424]
	BaseThreadInitThunk [0x00007FFEF550257D+29]
	RtlUserThreadStart [0x00007FFEF74EAF28+40]

2024-07-05 23:04:11,453 - error_logger - ERROR - ALREADY APPLIED TO THIS ROLE
Traceback (most recent call last):
  File "C:\Users\localadmin\AppData\Local\Temp\ipykernel_7116\2181206851.py", line 11, in apply_job
    easy_apply_button = driver.find_element("xpath", ".//button[contains(@aria-label , 'Easy Apply to')]")
                        ^^^^^^^^^^^^^^^^^^^^^^^^^^^^^^^^^^^^^^^^^^^^^^^^^^^^^^^^^^^^^^^^^^^^^^^^^^^^^^^^^^
  File "C:\Users\localadmin\AppData\Roaming\Python\Python311\site-packages\selenium\webdriver\remote\webdriver.py", line 741, in find_element
    return self.execute(Command.FIND_ELEMENT, {"using": by, "value": value})["value"]
           ^^^^^^^^^^^^^^^^^^^^^^^^^^^^^^^^^^^^^^^^^^^^^^^^^^^^^^^^^^^^^^^^^
  File "C:\Users\localadmin\AppData\Roaming\Python\Python311\site-packages\selenium\webdriver\remote\webdriver.py", line 347, in execute
    self.error_handler.check_response(response)
  File "C:\Users\localadmin\AppData\Roaming\Python\Python311\site-packages\selenium\webdriver\remote\errorhandler.py", line 229, in check_response
    raise exception_class(message, screen, stacktrace)
selenium.common.exceptions.NoSuchElementException: Message: no such element: Unable to locate element: {"method":"xpath","selector":".//button[contains(@aria-label , 'Easy Apply to')]"}
  (Session info: MicrosoftEdge=126.0.2592.87); For documentation on this error, please visit: https://www.selenium.dev/documentation/webdriver/troubleshooting/errors#no-such-element-exception
Stacktrace:
	GetHandleVerifier [0x00007FF696578132+13538]
	Microsoft::Applications::Events::EventProperty::~EventProperty [0x00007FF696501DE9+595465]
	(No symbol) [0x00007FF69631E6CF]
	(No symbol) [0x00007FF696362960]
	(No symbol) [0x00007FF696362A1F]
	(No symbol) [0x00007FF69639D627]
	(No symbol) [0x00007FF69638203F]
	(No symbol) [0x00007FF696358147]
	(No symbol) [0x00007FF69639B1EE]
	(No symbol) [0x00007FF696381C63]
	(No symbol) [0x00007FF69635766E]
	(No symbol) [0x00007FF69635683C]
	(No symbol) [0x00007FF696357221]
	Microsoft::Applications::Events::EventProperty::to_string [0x00007FF6967396D4+1099860]
	Microsoft::Applications::Events::EventProperty::~EventProperty [0x00007FF69647D8FC+53532]
	Microsoft::Applications::Events::EventProperty::~EventProperty [0x00007FF696470E25+1605]
	Microsoft::Applications::Events::EventProperty::to_string [0x00007FF696738665+1095653]
	Microsoft::Applications::Events::ILogConfiguration::operator* [0x00007FF69650C961+27777]
	Microsoft::Applications::Events::ILogConfiguration::operator* [0x00007FF696506CE4+4100]
	Microsoft::Applications::Events::ILogConfiguration::operator* [0x00007FF696506E1B+4411]
	Microsoft::Applications::Events::EventProperty::~EventProperty [0x00007FF6964FCFA0+575424]
	BaseThreadInitThunk [0x00007FFEF550257D+29]
	RtlUserThreadStart [0x00007FFEF74EAF28+40]

2024-07-05 23:04:15,048 - error_logger - ERROR - ALREADY APPLIED TO THIS ROLE
Traceback (most recent call last):
  File "C:\Users\localadmin\AppData\Local\Temp\ipykernel_7116\2181206851.py", line 11, in apply_job
    easy_apply_button = driver.find_element("xpath", ".//button[contains(@aria-label , 'Easy Apply to')]")
                        ^^^^^^^^^^^^^^^^^^^^^^^^^^^^^^^^^^^^^^^^^^^^^^^^^^^^^^^^^^^^^^^^^^^^^^^^^^^^^^^^^^
  File "C:\Users\localadmin\AppData\Roaming\Python\Python311\site-packages\selenium\webdriver\remote\webdriver.py", line 741, in find_element
    return self.execute(Command.FIND_ELEMENT, {"using": by, "value": value})["value"]
           ^^^^^^^^^^^^^^^^^^^^^^^^^^^^^^^^^^^^^^^^^^^^^^^^^^^^^^^^^^^^^^^^^
  File "C:\Users\localadmin\AppData\Roaming\Python\Python311\site-packages\selenium\webdriver\remote\webdriver.py", line 347, in execute
    self.error_handler.check_response(response)
  File "C:\Users\localadmin\AppData\Roaming\Python\Python311\site-packages\selenium\webdriver\remote\errorhandler.py", line 229, in check_response
    raise exception_class(message, screen, stacktrace)
selenium.common.exceptions.NoSuchElementException: Message: no such element: Unable to locate element: {"method":"xpath","selector":".//button[contains(@aria-label , 'Easy Apply to')]"}
  (Session info: MicrosoftEdge=126.0.2592.87); For documentation on this error, please visit: https://www.selenium.dev/documentation/webdriver/troubleshooting/errors#no-such-element-exception
Stacktrace:
	GetHandleVerifier [0x00007FF696578132+13538]
	Microsoft::Applications::Events::EventProperty::~EventProperty [0x00007FF696501DE9+595465]
	(No symbol) [0x00007FF69631E6CF]
	(No symbol) [0x00007FF696362960]
	(No symbol) [0x00007FF696362A1F]
	(No symbol) [0x00007FF69639D627]
	(No symbol) [0x00007FF69638203F]
	(No symbol) [0x00007FF696358147]
	(No symbol) [0x00007FF69639B1EE]
	(No symbol) [0x00007FF696381C63]
	(No symbol) [0x00007FF69635766E]
	(No symbol) [0x00007FF69635683C]
	(No symbol) [0x00007FF696357221]
	Microsoft::Applications::Events::EventProperty::to_string [0x00007FF6967396D4+1099860]
	Microsoft::Applications::Events::EventProperty::~EventProperty [0x00007FF69647D8FC+53532]
	Microsoft::Applications::Events::EventProperty::~EventProperty [0x00007FF696470E25+1605]
	Microsoft::Applications::Events::EventProperty::to_string [0x00007FF696738665+1095653]
	Microsoft::Applications::Events::ILogConfiguration::operator* [0x00007FF69650C961+27777]
	Microsoft::Applications::Events::ILogConfiguration::operator* [0x00007FF696506CE4+4100]
	Microsoft::Applications::Events::ILogConfiguration::operator* [0x00007FF696506E1B+4411]
	Microsoft::Applications::Events::EventProperty::~EventProperty [0x00007FF6964FCFA0+575424]
	BaseThreadInitThunk [0x00007FFEF550257D+29]
	RtlUserThreadStart [0x00007FFEF74EAF28+40]

2024-07-05 23:04:15,048 - error_logger - ERROR - ALREADY APPLIED TO THIS ROLE
Traceback (most recent call last):
  File "C:\Users\localadmin\AppData\Local\Temp\ipykernel_7116\2181206851.py", line 11, in apply_job
    easy_apply_button = driver.find_element("xpath", ".//button[contains(@aria-label , 'Easy Apply to')]")
                        ^^^^^^^^^^^^^^^^^^^^^^^^^^^^^^^^^^^^^^^^^^^^^^^^^^^^^^^^^^^^^^^^^^^^^^^^^^^^^^^^^^
  File "C:\Users\localadmin\AppData\Roaming\Python\Python311\site-packages\selenium\webdriver\remote\webdriver.py", line 741, in find_element
    return self.execute(Command.FIND_ELEMENT, {"using": by, "value": value})["value"]
           ^^^^^^^^^^^^^^^^^^^^^^^^^^^^^^^^^^^^^^^^^^^^^^^^^^^^^^^^^^^^^^^^^
  File "C:\Users\localadmin\AppData\Roaming\Python\Python311\site-packages\selenium\webdriver\remote\webdriver.py", line 347, in execute
    self.error_handler.check_response(response)
  File "C:\Users\localadmin\AppData\Roaming\Python\Python311\site-packages\selenium\webdriver\remote\errorhandler.py", line 229, in check_response
    raise exception_class(message, screen, stacktrace)
selenium.common.exceptions.NoSuchElementException: Message: no such element: Unable to locate element: {"method":"xpath","selector":".//button[contains(@aria-label , 'Easy Apply to')]"}
  (Session info: MicrosoftEdge=126.0.2592.87); For documentation on this error, please visit: https://www.selenium.dev/documentation/webdriver/troubleshooting/errors#no-such-element-exception
Stacktrace:
	GetHandleVerifier [0x00007FF696578132+13538]
	Microsoft::Applications::Events::EventProperty::~EventProperty [0x00007FF696501DE9+595465]
	(No symbol) [0x00007FF69631E6CF]
	(No symbol) [0x00007FF696362960]
	(No symbol) [0x00007FF696362A1F]
	(No symbol) [0x00007FF69639D627]
	(No symbol) [0x00007FF69638203F]
	(No symbol) [0x00007FF696358147]
	(No symbol) [0x00007FF69639B1EE]
	(No symbol) [0x00007FF696381C63]
	(No symbol) [0x00007FF69635766E]
	(No symbol) [0x00007FF69635683C]
	(No symbol) [0x00007FF696357221]
	Microsoft::Applications::Events::EventProperty::to_string [0x00007FF6967396D4+1099860]
	Microsoft::Applications::Events::EventProperty::~EventProperty [0x00007FF69647D8FC+53532]
	Microsoft::Applications::Events::EventProperty::~EventProperty [0x00007FF696470E25+1605]
	Microsoft::Applications::Events::EventProperty::to_string [0x00007FF696738665+1095653]
	Microsoft::Applications::Events::ILogConfiguration::operator* [0x00007FF69650C961+27777]
	Microsoft::Applications::Events::ILogConfiguration::operator* [0x00007FF696506CE4+4100]
	Microsoft::Applications::Events::ILogConfiguration::operator* [0x00007FF696506E1B+4411]
	Microsoft::Applications::Events::EventProperty::~EventProperty [0x00007FF6964FCFA0+575424]
	BaseThreadInitThunk [0x00007FFEF550257D+29]
	RtlUserThreadStart [0x00007FFEF74EAF28+40]

